# project ns (3.33) configured on Tue Aug  2 16:34:28 2022 by
# waf 2.0.21 (abi 20, python 3090cf0 on darwin)
# using ./waf configure --enable-examples --disable-werror --disable-python
#
----------------------------------------
Setting top to
/Users/yeli/Downloads/ns-3.33-fec
----------------------------------------
Setting out to
/Users/yeli/Downloads/ns-3.33-fec/build
----------------------------------------
Checking for 'clang' (C compiler)
find program=['clang'] paths=['/opt/anaconda3/condabin', '/usr/local/bin', '/usr/bin', '/bin', '/usr/sbin', '/sbin', '/Library/TeX/texbin', '/usr/local/go/bin', '/opt/X11/bin', '/Library/Apple/usr/bin'] var='CC' -> ['/usr/bin/clang']
['/usr/bin/clang', '-dM', '-E', '-']
out: #define _LP64 1
#define __APPLE_CC__ 6000
#define __APPLE__ 1
#define __ATOMIC_ACQUIRE 2
#define __ATOMIC_ACQ_REL 4
#define __ATOMIC_CONSUME 1
#define __ATOMIC_RELAXED 0
#define __ATOMIC_RELEASE 3
#define __ATOMIC_SEQ_CST 5
#define __BIGGEST_ALIGNMENT__ 16
#define __BLOCKS__ 1
#define __BYTE_ORDER__ __ORDER_LITTLE_ENDIAN__
#define __CHAR16_TYPE__ unsigned short
#define __CHAR32_TYPE__ unsigned int
#define __CHAR_BIT__ 8
#define __CLANG_ATOMIC_BOOL_LOCK_FREE 2
#define __CLANG_ATOMIC_CHAR16_T_LOCK_FREE 2
#define __CLANG_ATOMIC_CHAR32_T_LOCK_FREE 2
#define __CLANG_ATOMIC_CHAR_LOCK_FREE 2
#define __CLANG_ATOMIC_INT_LOCK_FREE 2
#define __CLANG_ATOMIC_LLONG_LOCK_FREE 2
#define __CLANG_ATOMIC_LONG_LOCK_FREE 2
#define __CLANG_ATOMIC_POINTER_LOCK_FREE 2
#define __CLANG_ATOMIC_SHORT_LOCK_FREE 2
#define __CLANG_ATOMIC_WCHAR_T_LOCK_FREE 2
#define __CONSTANT_CFSTRINGS__ 1
#define __DBL_DECIMAL_DIG__ 17
#define __DBL_DENORM_MIN__ 4.9406564584124654e-324
#define __DBL_DIG__ 15
#define __DBL_EPSILON__ 2.2204460492503131e-16
#define __DBL_HAS_DENORM__ 1
#define __DBL_HAS_INFINITY__ 1
#define __DBL_HAS_QUIET_NAN__ 1
#define __DBL_MANT_DIG__ 53
#define __DBL_MAX_10_EXP__ 308
#define __DBL_MAX_EXP__ 1024
#define __DBL_MAX__ 1.7976931348623157e+308
#define __DBL_MIN_10_EXP__ (-307)
#define __DBL_MIN_EXP__ (-1021)
#define __DBL_MIN__ 2.2250738585072014e-308
#define __DECIMAL_DIG__ __LDBL_DECIMAL_DIG__
#define __DYNAMIC__ 1
#define __ENVIRONMENT_MAC_OS_X_VERSION_MIN_REQUIRED__ 120000
#define __ENVIRONMENT_OS_VERSION_MIN_REQUIRED__ 120000
#define __FINITE_MATH_ONLY__ 0
#define __FLT16_DECIMAL_DIG__ 5
#define __FLT16_DENORM_MIN__ 5.9604644775390625e-8F16
#define __FLT16_DIG__ 3
#define __FLT16_EPSILON__ 9.765625e-4F16
#define __FLT16_HAS_DENORM__ 1
#define __FLT16_HAS_INFINITY__ 1
#define __FLT16_HAS_QUIET_NAN__ 1
#define __FLT16_MANT_DIG__ 11
#define __FLT16_MAX_10_EXP__ 4
#define __FLT16_MAX_EXP__ 16
#define __FLT16_MAX__ 6.5504e+4F16
#define __FLT16_MIN_10_EXP__ (-4)
#define __FLT16_MIN_EXP__ (-13)
#define __FLT16_MIN__ 6.103515625e-5F16
#define __FLT_DECIMAL_DIG__ 9
#define __FLT_DENORM_MIN__ 1.40129846e-45F
#define __FLT_DIG__ 6
#define __FLT_EPSILON__ 1.19209290e-7F
#define __FLT_EVAL_METHOD__ 0
#define __FLT_HAS_DENORM__ 1
#define __FLT_HAS_INFINITY__ 1
#define __FLT_HAS_QUIET_NAN__ 1
#define __FLT_MANT_DIG__ 24
#define __FLT_MAX_10_EXP__ 38
#define __FLT_MAX_EXP__ 128
#define __FLT_MAX__ 3.40282347e+38F
#define __FLT_MIN_10_EXP__ (-37)
#define __FLT_MIN_EXP__ (-125)
#define __FLT_MIN__ 1.17549435e-38F
#define __FLT_RADIX__ 2
#define __FXSR__ 1
#define __GCC_ASM_FLAG_OUTPUTS__ 1
#define __GCC_ATOMIC_BOOL_LOCK_FREE 2
#define __GCC_ATOMIC_CHAR16_T_LOCK_FREE 2
#define __GCC_ATOMIC_CHAR32_T_LOCK_FREE 2
#define __GCC_ATOMIC_CHAR_LOCK_FREE 2
#define __GCC_ATOMIC_INT_LOCK_FREE 2
#define __GCC_ATOMIC_LLONG_LOCK_FREE 2
#define __GCC_ATOMIC_LONG_LOCK_FREE 2
#define __GCC_ATOMIC_POINTER_LOCK_FREE 2
#define __GCC_ATOMIC_SHORT_LOCK_FREE 2
#define __GCC_ATOMIC_TEST_AND_SET_TRUEVAL 1
#define __GCC_ATOMIC_WCHAR_T_LOCK_FREE 2
#define __GCC_HAVE_DWARF2_CFI_ASM 1
#define __GCC_HAVE_SYNC_COMPARE_AND_SWAP_1 1
#define __GCC_HAVE_SYNC_COMPARE_AND_SWAP_16 1
#define __GCC_HAVE_SYNC_COMPARE_AND_SWAP_2 1
#define __GCC_HAVE_SYNC_COMPARE_AND_SWAP_4 1
#define __GCC_HAVE_SYNC_COMPARE_AND_SWAP_8 1
#define __GNUC_MINOR__ 2
#define __GNUC_PATCHLEVEL__ 1
#define __GNUC_STDC_INLINE__ 1
#define __GNUC__ 4
#define __GXX_ABI_VERSION 1002
#define __INT16_C_SUFFIX__ 
#define __INT16_FMTd__ "hd"
#define __INT16_FMTi__ "hi"
#define __INT16_MAX__ 32767
#define __INT16_TYPE__ short
#define __INT32_C_SUFFIX__ 
#define __INT32_FMTd__ "d"
#define __INT32_FMTi__ "i"
#define __INT32_MAX__ 2147483647
#define __INT32_TYPE__ int
#define __INT64_C_SUFFIX__ LL
#define __INT64_FMTd__ "lld"
#define __INT64_FMTi__ "lli"
#define __INT64_MAX__ 9223372036854775807LL
#define __INT64_TYPE__ long long int
#define __INT8_C_SUFFIX__ 
#define __INT8_FMTd__ "hhd"
#define __INT8_FMTi__ "hhi"
#define __INT8_MAX__ 127
#define __INT8_TYPE__ signed char
#define __INTMAX_C_SUFFIX__ L
#define __INTMAX_FMTd__ "ld"
#define __INTMAX_FMTi__ "li"
#define __INTMAX_MAX__ 9223372036854775807L
#define __INTMAX_TYPE__ long int
#define __INTMAX_WIDTH__ 64
#define __INTPTR_FMTd__ "ld"
#define __INTPTR_FMTi__ "li"
#define __INTPTR_MAX__ 9223372036854775807L
#define __INTPTR_TYPE__ long int
#define __INTPTR_WIDTH__ 64
#define __INT_FAST16_FMTd__ "hd"
#define __INT_FAST16_FMTi__ "hi"
#define __INT_FAST16_MAX__ 32767
#define __INT_FAST16_TYPE__ short
#define __INT_FAST32_FMTd__ "d"
#define __INT_FAST32_FMTi__ "i"
#define __INT_FAST32_MAX__ 2147483647
#define __INT_FAST32_TYPE__ int
#define __INT_FAST64_FMTd__ "lld"
#define __INT_FAST64_FMTi__ "lli"
#define __INT_FAST64_MAX__ 9223372036854775807LL
#define __INT_FAST64_TYPE__ long long int
#define __INT_FAST8_FMTd__ "hhd"
#define __INT_FAST8_FMTi__ "hhi"
#define __INT_FAST8_MAX__ 127
#define __INT_FAST8_TYPE__ signed char
#define __INT_LEAST16_FMTd__ "hd"
#define __INT_LEAST16_FMTi__ "hi"
#define __INT_LEAST16_MAX__ 32767
#define __INT_LEAST16_TYPE__ short
#define __INT_LEAST32_FMTd__ "d"
#define __INT_LEAST32_FMTi__ "i"
#define __INT_LEAST32_MAX__ 2147483647
#define __INT_LEAST32_TYPE__ int
#define __INT_LEAST64_FMTd__ "lld"
#define __INT_LEAST64_FMTi__ "lli"
#define __INT_LEAST64_MAX__ 9223372036854775807LL
#define __INT_LEAST64_TYPE__ long long int
#define __INT_LEAST8_FMTd__ "hhd"
#define __INT_LEAST8_FMTi__ "hhi"
#define __INT_LEAST8_MAX__ 127
#define __INT_LEAST8_TYPE__ signed char
#define __INT_MAX__ 2147483647
#define __LAHF_SAHF__ 1
#define __LDBL_DECIMAL_DIG__ 21
#define __LDBL_DENORM_MIN__ 3.64519953188247460253e-4951L
#define __LDBL_DIG__ 18
#define __LDBL_EPSILON__ 1.08420217248550443401e-19L
#define __LDBL_HAS_DENORM__ 1
#define __LDBL_HAS_INFINITY__ 1
#define __LDBL_HAS_QUIET_NAN__ 1
#define __LDBL_MANT_DIG__ 64
#define __LDBL_MAX_10_EXP__ 4932
#define __LDBL_MAX_EXP__ 16384
#define __LDBL_MAX__ 1.18973149535723176502e+4932L
#define __LDBL_MIN_10_EXP__ (-4931)
#define __LDBL_MIN_EXP__ (-16381)
#define __LDBL_MIN__ 3.36210314311209350626e-4932L
#define __LITTLE_ENDIAN__ 1
#define __LONG_LONG_MAX__ 9223372036854775807LL
#define __LONG_MAX__ 9223372036854775807L
#define __LP64__ 1
#define __MACH__ 1
#define __MMX__ 1
#define __NO_INLINE__ 1
#define __NO_MATH_INLINES 1
#define __OBJC_BOOL_IS_BOOL 0
#define __OPENCL_MEMORY_SCOPE_ALL_SVM_DEVICES 3
#define __OPENCL_MEMORY_SCOPE_DEVICE 2
#define __OPENCL_MEMORY_SCOPE_SUB_GROUP 4
#define __OPENCL_MEMORY_SCOPE_WORK_GROUP 1
#define __OPENCL_MEMORY_SCOPE_WORK_ITEM 0
#define __ORDER_BIG_ENDIAN__ 4321
#define __ORDER_LITTLE_ENDIAN__ 1234
#define __ORDER_PDP_ENDIAN__ 3412
#define __PIC__ 2
#define __POINTER_WIDTH__ 64
#define __PRAGMA_REDEFINE_EXTNAME 1
#define __PTRDIFF_FMTd__ "ld"
#define __PTRDIFF_FMTi__ "li"
#define __PTRDIFF_MAX__ 9223372036854775807L
#define __PTRDIFF_TYPE__ long int
#define __PTRDIFF_WIDTH__ 64
#define __REGISTER_PREFIX__ 
#define __SCHAR_MAX__ 127
#define __SEG_FS 1
#define __SEG_GS 1
#define __SHRT_MAX__ 32767
#define __SIG_ATOMIC_MAX__ 2147483647
#define __SIG_ATOMIC_WIDTH__ 32
#define __SIZEOF_DOUBLE__ 8
#define __SIZEOF_FLOAT__ 4
#define __SIZEOF_INT128__ 16
#define __SIZEOF_INT__ 4
#define __SIZEOF_LONG_DOUBLE__ 16
#define __SIZEOF_LONG_LONG__ 8
#define __SIZEOF_LONG__ 8
#define __SIZEOF_POINTER__ 8
#define __SIZEOF_PTRDIFF_T__ 8
#define __SIZEOF_SHORT__ 2
#define __SIZEOF_SIZE_T__ 8
#define __SIZEOF_WCHAR_T__ 4
#define __SIZEOF_WINT_T__ 4
#define __SIZE_FMTX__ "lX"
#define __SIZE_FMTo__ "lo"
#define __SIZE_FMTu__ "lu"
#define __SIZE_FMTx__ "lx"
#define __SIZE_MAX__ 18446744073709551615UL
#define __SIZE_TYPE__ long unsigned int
#define __SIZE_WIDTH__ 64
#define __SSE2_MATH__ 1
#define __SSE2__ 1
#define __SSE3__ 1
#define __SSE4_1__ 1
#define __SSE_MATH__ 1
#define __SSE__ 1
#define __SSP__ 1
#define __SSSE3__ 1
#define __STDC_HOSTED__ 1
#define __STDC_NO_THREADS__ 1
#define __STDC_UTF_16__ 1
#define __STDC_UTF_32__ 1
#define __STDC_VERSION__ 201710L
#define __STDC__ 1
#define __UINT16_C_SUFFIX__ 
#define __UINT16_FMTX__ "hX"
#define __UINT16_FMTo__ "ho"
#define __UINT16_FMTu__ "hu"
#define __UINT16_FMTx__ "hx"
#define __UINT16_MAX__ 65535
#define __UINT16_TYPE__ unsigned short
#define __UINT32_C_SUFFIX__ U
#define __UINT32_FMTX__ "X"
#define __UINT32_FMTo__ "o"
#define __UINT32_FMTu__ "u"
#define __UINT32_FMTx__ "x"
#define __UINT32_MAX__ 4294967295U
#define __UINT32_TYPE__ unsigned int
#define __UINT64_C_SUFFIX__ ULL
#define __UINT64_FMTX__ "llX"
#define __UINT64_FMTo__ "llo"
#define __UINT64_FMTu__ "llu"
#define __UINT64_FMTx__ "llx"
#define __UINT64_MAX__ 18446744073709551615ULL
#define __UINT64_TYPE__ long long unsigned int
#define __UINT8_C_SUFFIX__ 
#define __UINT8_FMTX__ "hhX"
#define __UINT8_FMTo__ "hho"
#define __UINT8_FMTu__ "hhu"
#define __UINT8_FMTx__ "hhx"
#define __UINT8_MAX__ 255
#define __UINT8_TYPE__ unsigned char
#define __UINTMAX_C_SUFFIX__ UL
#define __UINTMAX_FMTX__ "lX"
#define __UINTMAX_FMTo__ "lo"
#define __UINTMAX_FMTu__ "lu"
#define __UINTMAX_FMTx__ "lx"
#define __UINTMAX_MAX__ 18446744073709551615UL
#define __UINTMAX_TYPE__ long unsigned int
#define __UINTMAX_WIDTH__ 64
#define __UINTPTR_FMTX__ "lX"
#define __UINTPTR_FMTo__ "lo"
#define __UINTPTR_FMTu__ "lu"
#define __UINTPTR_FMTx__ "lx"
#define __UINTPTR_MAX__ 18446744073709551615UL
#define __UINTPTR_TYPE__ long unsigned int
#define __UINTPTR_WIDTH__ 64
#define __UINT_FAST16_FMTX__ "hX"
#define __UINT_FAST16_FMTo__ "ho"
#define __UINT_FAST16_FMTu__ "hu"
#define __UINT_FAST16_FMTx__ "hx"
#define __UINT_FAST16_MAX__ 65535
#define __UINT_FAST16_TYPE__ unsigned short
#define __UINT_FAST32_FMTX__ "X"
#define __UINT_FAST32_FMTo__ "o"
#define __UINT_FAST32_FMTu__ "u"
#define __UINT_FAST32_FMTx__ "x"
#define __UINT_FAST32_MAX__ 4294967295U
#define __UINT_FAST32_TYPE__ unsigned int
#define __UINT_FAST64_FMTX__ "llX"
#define __UINT_FAST64_FMTo__ "llo"
#define __UINT_FAST64_FMTu__ "llu"
#define __UINT_FAST64_FMTx__ "llx"
#define __UINT_FAST64_MAX__ 18446744073709551615ULL
#define __UINT_FAST64_TYPE__ long long unsigned int
#define __UINT_FAST8_FMTX__ "hhX"
#define __UINT_FAST8_FMTo__ "hho"
#define __UINT_FAST8_FMTu__ "hhu"
#define __UINT_FAST8_FMTx__ "hhx"
#define __UINT_FAST8_MAX__ 255
#define __UINT_FAST8_TYPE__ unsigned char
#define __UINT_LEAST16_FMTX__ "hX"
#define __UINT_LEAST16_FMTo__ "ho"
#define __UINT_LEAST16_FMTu__ "hu"
#define __UINT_LEAST16_FMTx__ "hx"
#define __UINT_LEAST16_MAX__ 65535
#define __UINT_LEAST16_TYPE__ unsigned short
#define __UINT_LEAST32_FMTX__ "X"
#define __UINT_LEAST32_FMTo__ "o"
#define __UINT_LEAST32_FMTu__ "u"
#define __UINT_LEAST32_FMTx__ "x"
#define __UINT_LEAST32_MAX__ 4294967295U
#define __UINT_LEAST32_TYPE__ unsigned int
#define __UINT_LEAST64_FMTX__ "llX"
#define __UINT_LEAST64_FMTo__ "llo"
#define __UINT_LEAST64_FMTu__ "llu"
#define __UINT_LEAST64_FMTx__ "llx"
#define __UINT_LEAST64_MAX__ 18446744073709551615ULL
#define __UINT_LEAST64_TYPE__ long long unsigned int
#define __UINT_LEAST8_FMTX__ "hhX"
#define __UINT_LEAST8_FMTo__ "hho"
#define __UINT_LEAST8_FMTu__ "hhu"
#define __UINT_LEAST8_FMTx__ "hhx"
#define __UINT_LEAST8_MAX__ 255
#define __UINT_LEAST8_TYPE__ unsigned char
#define __USER_LABEL_PREFIX__ _
#define __VERSION__ "Apple LLVM 13.1.6 (clang-1316.0.21.2.5)"
#define __WCHAR_MAX__ 2147483647
#define __WCHAR_TYPE__ int
#define __WCHAR_WIDTH__ 32
#define __WINT_MAX__ 2147483647
#define __WINT_TYPE__ int
#define __WINT_WIDTH__ 32
#define __amd64 1
#define __amd64__ 1
#define __apple_build_version__ 13160021
#define __block __attribute__((__blocks__(byref)))
#define __clang__ 1
#define __clang_literal_encoding__ "UTF-8"
#define __clang_major__ 13
#define __clang_minor__ 1
#define __clang_patchlevel__ 6
#define __clang_version__ "13.1.6 (clang-1316.0.21.2.5)"
#define __clang_wide_literal_encoding__ "UTF-32"
#define __code_model_small__ 1
#define __core2 1
#define __core2__ 1
#define __llvm__ 1
#define __nonnull _Nonnull
#define __null_unspecified _Null_unspecified
#define __nullable _Nullable
#define __pic__ 2
#define __seg_fs __attribute__((address_space(257)))
#define __seg_gs __attribute__((address_space(256)))
#define __strong 
#define __tune_core2__ 1
#define __unsafe_unretained 
#define __weak __attribute__((objc_gc(weak)))
#define __x86_64 1
#define __x86_64__ 1

find program=['llvm-ar', 'ar'] paths=['/opt/anaconda3/condabin', '/usr/local/bin', '/usr/bin', '/bin', '/usr/sbin', '/sbin', '/Library/TeX/texbin', '/usr/local/go/bin', '/opt/X11/bin', '/Library/Apple/usr/bin'] var='AR' -> ['/usr/bin/ar']
find program=['ar'] paths=['/opt/anaconda3/condabin', '/usr/local/bin', '/usr/bin', '/bin', '/usr/sbin', '/sbin', '/Library/TeX/texbin', '/usr/local/go/bin', '/opt/X11/bin', '/Library/Apple/usr/bin'] var='AR' -> ['/usr/bin/ar']
/usr/bin/clang
----------------------------------------
Checking for cc version
13.1.6
----------------------------------------
Checking for 'clang++' (C++ compiler)
find program=['clang++'] paths=['/opt/anaconda3/condabin', '/usr/local/bin', '/usr/bin', '/bin', '/usr/sbin', '/sbin', '/Library/TeX/texbin', '/usr/local/go/bin', '/opt/X11/bin', '/Library/Apple/usr/bin'] var='CXX' -> ['/usr/bin/clang++']
['/usr/bin/clang++', '-dM', '-E', '-']
out: #define _LP64 1
#define __APPLE_CC__ 6000
#define __APPLE__ 1
#define __ATOMIC_ACQUIRE 2
#define __ATOMIC_ACQ_REL 4
#define __ATOMIC_CONSUME 1
#define __ATOMIC_RELAXED 0
#define __ATOMIC_RELEASE 3
#define __ATOMIC_SEQ_CST 5
#define __BIGGEST_ALIGNMENT__ 16
#define __BLOCKS__ 1
#define __BYTE_ORDER__ __ORDER_LITTLE_ENDIAN__
#define __CHAR16_TYPE__ unsigned short
#define __CHAR32_TYPE__ unsigned int
#define __CHAR_BIT__ 8
#define __CLANG_ATOMIC_BOOL_LOCK_FREE 2
#define __CLANG_ATOMIC_CHAR16_T_LOCK_FREE 2
#define __CLANG_ATOMIC_CHAR32_T_LOCK_FREE 2
#define __CLANG_ATOMIC_CHAR_LOCK_FREE 2
#define __CLANG_ATOMIC_INT_LOCK_FREE 2
#define __CLANG_ATOMIC_LLONG_LOCK_FREE 2
#define __CLANG_ATOMIC_LONG_LOCK_FREE 2
#define __CLANG_ATOMIC_POINTER_LOCK_FREE 2
#define __CLANG_ATOMIC_SHORT_LOCK_FREE 2
#define __CLANG_ATOMIC_WCHAR_T_LOCK_FREE 2
#define __CONSTANT_CFSTRINGS__ 1
#define __DBL_DECIMAL_DIG__ 17
#define __DBL_DENORM_MIN__ 4.9406564584124654e-324
#define __DBL_DIG__ 15
#define __DBL_EPSILON__ 2.2204460492503131e-16
#define __DBL_HAS_DENORM__ 1
#define __DBL_HAS_INFINITY__ 1
#define __DBL_HAS_QUIET_NAN__ 1
#define __DBL_MANT_DIG__ 53
#define __DBL_MAX_10_EXP__ 308
#define __DBL_MAX_EXP__ 1024
#define __DBL_MAX__ 1.7976931348623157e+308
#define __DBL_MIN_10_EXP__ (-307)
#define __DBL_MIN_EXP__ (-1021)
#define __DBL_MIN__ 2.2250738585072014e-308
#define __DECIMAL_DIG__ __LDBL_DECIMAL_DIG__
#define __DYNAMIC__ 1
#define __ENVIRONMENT_MAC_OS_X_VERSION_MIN_REQUIRED__ 120000
#define __ENVIRONMENT_OS_VERSION_MIN_REQUIRED__ 120000
#define __FINITE_MATH_ONLY__ 0
#define __FLT16_DECIMAL_DIG__ 5
#define __FLT16_DENORM_MIN__ 5.9604644775390625e-8F16
#define __FLT16_DIG__ 3
#define __FLT16_EPSILON__ 9.765625e-4F16
#define __FLT16_HAS_DENORM__ 1
#define __FLT16_HAS_INFINITY__ 1
#define __FLT16_HAS_QUIET_NAN__ 1
#define __FLT16_MANT_DIG__ 11
#define __FLT16_MAX_10_EXP__ 4
#define __FLT16_MAX_EXP__ 16
#define __FLT16_MAX__ 6.5504e+4F16
#define __FLT16_MIN_10_EXP__ (-4)
#define __FLT16_MIN_EXP__ (-13)
#define __FLT16_MIN__ 6.103515625e-5F16
#define __FLT_DECIMAL_DIG__ 9
#define __FLT_DENORM_MIN__ 1.40129846e-45F
#define __FLT_DIG__ 6
#define __FLT_EPSILON__ 1.19209290e-7F
#define __FLT_EVAL_METHOD__ 0
#define __FLT_HAS_DENORM__ 1
#define __FLT_HAS_INFINITY__ 1
#define __FLT_HAS_QUIET_NAN__ 1
#define __FLT_MANT_DIG__ 24
#define __FLT_MAX_10_EXP__ 38
#define __FLT_MAX_EXP__ 128
#define __FLT_MAX__ 3.40282347e+38F
#define __FLT_MIN_10_EXP__ (-37)
#define __FLT_MIN_EXP__ (-125)
#define __FLT_MIN__ 1.17549435e-38F
#define __FLT_RADIX__ 2
#define __FXSR__ 1
#define __GCC_ASM_FLAG_OUTPUTS__ 1
#define __GCC_ATOMIC_BOOL_LOCK_FREE 2
#define __GCC_ATOMIC_CHAR16_T_LOCK_FREE 2
#define __GCC_ATOMIC_CHAR32_T_LOCK_FREE 2
#define __GCC_ATOMIC_CHAR_LOCK_FREE 2
#define __GCC_ATOMIC_INT_LOCK_FREE 2
#define __GCC_ATOMIC_LLONG_LOCK_FREE 2
#define __GCC_ATOMIC_LONG_LOCK_FREE 2
#define __GCC_ATOMIC_POINTER_LOCK_FREE 2
#define __GCC_ATOMIC_SHORT_LOCK_FREE 2
#define __GCC_ATOMIC_TEST_AND_SET_TRUEVAL 1
#define __GCC_ATOMIC_WCHAR_T_LOCK_FREE 2
#define __GCC_HAVE_DWARF2_CFI_ASM 1
#define __GCC_HAVE_SYNC_COMPARE_AND_SWAP_1 1
#define __GCC_HAVE_SYNC_COMPARE_AND_SWAP_16 1
#define __GCC_HAVE_SYNC_COMPARE_AND_SWAP_2 1
#define __GCC_HAVE_SYNC_COMPARE_AND_SWAP_4 1
#define __GCC_HAVE_SYNC_COMPARE_AND_SWAP_8 1
#define __GNUC_MINOR__ 2
#define __GNUC_PATCHLEVEL__ 1
#define __GNUC_STDC_INLINE__ 1
#define __GNUC__ 4
#define __GXX_ABI_VERSION 1002
#define __INT16_C_SUFFIX__ 
#define __INT16_FMTd__ "hd"
#define __INT16_FMTi__ "hi"
#define __INT16_MAX__ 32767
#define __INT16_TYPE__ short
#define __INT32_C_SUFFIX__ 
#define __INT32_FMTd__ "d"
#define __INT32_FMTi__ "i"
#define __INT32_MAX__ 2147483647
#define __INT32_TYPE__ int
#define __INT64_C_SUFFIX__ LL
#define __INT64_FMTd__ "lld"
#define __INT64_FMTi__ "lli"
#define __INT64_MAX__ 9223372036854775807LL
#define __INT64_TYPE__ long long int
#define __INT8_C_SUFFIX__ 
#define __INT8_FMTd__ "hhd"
#define __INT8_FMTi__ "hhi"
#define __INT8_MAX__ 127
#define __INT8_TYPE__ signed char
#define __INTMAX_C_SUFFIX__ L
#define __INTMAX_FMTd__ "ld"
#define __INTMAX_FMTi__ "li"
#define __INTMAX_MAX__ 9223372036854775807L
#define __INTMAX_TYPE__ long int
#define __INTMAX_WIDTH__ 64
#define __INTPTR_FMTd__ "ld"
#define __INTPTR_FMTi__ "li"
#define __INTPTR_MAX__ 9223372036854775807L
#define __INTPTR_TYPE__ long int
#define __INTPTR_WIDTH__ 64
#define __INT_FAST16_FMTd__ "hd"
#define __INT_FAST16_FMTi__ "hi"
#define __INT_FAST16_MAX__ 32767
#define __INT_FAST16_TYPE__ short
#define __INT_FAST32_FMTd__ "d"
#define __INT_FAST32_FMTi__ "i"
#define __INT_FAST32_MAX__ 2147483647
#define __INT_FAST32_TYPE__ int
#define __INT_FAST64_FMTd__ "lld"
#define __INT_FAST64_FMTi__ "lli"
#define __INT_FAST64_MAX__ 9223372036854775807LL
#define __INT_FAST64_TYPE__ long long int
#define __INT_FAST8_FMTd__ "hhd"
#define __INT_FAST8_FMTi__ "hhi"
#define __INT_FAST8_MAX__ 127
#define __INT_FAST8_TYPE__ signed char
#define __INT_LEAST16_FMTd__ "hd"
#define __INT_LEAST16_FMTi__ "hi"
#define __INT_LEAST16_MAX__ 32767
#define __INT_LEAST16_TYPE__ short
#define __INT_LEAST32_FMTd__ "d"
#define __INT_LEAST32_FMTi__ "i"
#define __INT_LEAST32_MAX__ 2147483647
#define __INT_LEAST32_TYPE__ int
#define __INT_LEAST64_FMTd__ "lld"
#define __INT_LEAST64_FMTi__ "lli"
#define __INT_LEAST64_MAX__ 9223372036854775807LL
#define __INT_LEAST64_TYPE__ long long int
#define __INT_LEAST8_FMTd__ "hhd"
#define __INT_LEAST8_FMTi__ "hhi"
#define __INT_LEAST8_MAX__ 127
#define __INT_LEAST8_TYPE__ signed char
#define __INT_MAX__ 2147483647
#define __LAHF_SAHF__ 1
#define __LDBL_DECIMAL_DIG__ 21
#define __LDBL_DENORM_MIN__ 3.64519953188247460253e-4951L
#define __LDBL_DIG__ 18
#define __LDBL_EPSILON__ 1.08420217248550443401e-19L
#define __LDBL_HAS_DENORM__ 1
#define __LDBL_HAS_INFINITY__ 1
#define __LDBL_HAS_QUIET_NAN__ 1
#define __LDBL_MANT_DIG__ 64
#define __LDBL_MAX_10_EXP__ 4932
#define __LDBL_MAX_EXP__ 16384
#define __LDBL_MAX__ 1.18973149535723176502e+4932L
#define __LDBL_MIN_10_EXP__ (-4931)
#define __LDBL_MIN_EXP__ (-16381)
#define __LDBL_MIN__ 3.36210314311209350626e-4932L
#define __LITTLE_ENDIAN__ 1
#define __LONG_LONG_MAX__ 9223372036854775807LL
#define __LONG_MAX__ 9223372036854775807L
#define __LP64__ 1
#define __MACH__ 1
#define __MMX__ 1
#define __NO_INLINE__ 1
#define __NO_MATH_INLINES 1
#define __OBJC_BOOL_IS_BOOL 0
#define __OPENCL_MEMORY_SCOPE_ALL_SVM_DEVICES 3
#define __OPENCL_MEMORY_SCOPE_DEVICE 2
#define __OPENCL_MEMORY_SCOPE_SUB_GROUP 4
#define __OPENCL_MEMORY_SCOPE_WORK_GROUP 1
#define __OPENCL_MEMORY_SCOPE_WORK_ITEM 0
#define __ORDER_BIG_ENDIAN__ 4321
#define __ORDER_LITTLE_ENDIAN__ 1234
#define __ORDER_PDP_ENDIAN__ 3412
#define __PIC__ 2
#define __POINTER_WIDTH__ 64
#define __PRAGMA_REDEFINE_EXTNAME 1
#define __PTRDIFF_FMTd__ "ld"
#define __PTRDIFF_FMTi__ "li"
#define __PTRDIFF_MAX__ 9223372036854775807L
#define __PTRDIFF_TYPE__ long int
#define __PTRDIFF_WIDTH__ 64
#define __REGISTER_PREFIX__ 
#define __SCHAR_MAX__ 127
#define __SEG_FS 1
#define __SEG_GS 1
#define __SHRT_MAX__ 32767
#define __SIG_ATOMIC_MAX__ 2147483647
#define __SIG_ATOMIC_WIDTH__ 32
#define __SIZEOF_DOUBLE__ 8
#define __SIZEOF_FLOAT__ 4
#define __SIZEOF_INT128__ 16
#define __SIZEOF_INT__ 4
#define __SIZEOF_LONG_DOUBLE__ 16
#define __SIZEOF_LONG_LONG__ 8
#define __SIZEOF_LONG__ 8
#define __SIZEOF_POINTER__ 8
#define __SIZEOF_PTRDIFF_T__ 8
#define __SIZEOF_SHORT__ 2
#define __SIZEOF_SIZE_T__ 8
#define __SIZEOF_WCHAR_T__ 4
#define __SIZEOF_WINT_T__ 4
#define __SIZE_FMTX__ "lX"
#define __SIZE_FMTo__ "lo"
#define __SIZE_FMTu__ "lu"
#define __SIZE_FMTx__ "lx"
#define __SIZE_MAX__ 18446744073709551615UL
#define __SIZE_TYPE__ long unsigned int
#define __SIZE_WIDTH__ 64
#define __SSE2_MATH__ 1
#define __SSE2__ 1
#define __SSE3__ 1
#define __SSE4_1__ 1
#define __SSE_MATH__ 1
#define __SSE__ 1
#define __SSP__ 1
#define __SSSE3__ 1
#define __STDC_HOSTED__ 1
#define __STDC_NO_THREADS__ 1
#define __STDC_UTF_16__ 1
#define __STDC_UTF_32__ 1
#define __STDC_VERSION__ 201710L
#define __STDC__ 1
#define __UINT16_C_SUFFIX__ 
#define __UINT16_FMTX__ "hX"
#define __UINT16_FMTo__ "ho"
#define __UINT16_FMTu__ "hu"
#define __UINT16_FMTx__ "hx"
#define __UINT16_MAX__ 65535
#define __UINT16_TYPE__ unsigned short
#define __UINT32_C_SUFFIX__ U
#define __UINT32_FMTX__ "X"
#define __UINT32_FMTo__ "o"
#define __UINT32_FMTu__ "u"
#define __UINT32_FMTx__ "x"
#define __UINT32_MAX__ 4294967295U
#define __UINT32_TYPE__ unsigned int
#define __UINT64_C_SUFFIX__ ULL
#define __UINT64_FMTX__ "llX"
#define __UINT64_FMTo__ "llo"
#define __UINT64_FMTu__ "llu"
#define __UINT64_FMTx__ "llx"
#define __UINT64_MAX__ 18446744073709551615ULL
#define __UINT64_TYPE__ long long unsigned int
#define __UINT8_C_SUFFIX__ 
#define __UINT8_FMTX__ "hhX"
#define __UINT8_FMTo__ "hho"
#define __UINT8_FMTu__ "hhu"
#define __UINT8_FMTx__ "hhx"
#define __UINT8_MAX__ 255
#define __UINT8_TYPE__ unsigned char
#define __UINTMAX_C_SUFFIX__ UL
#define __UINTMAX_FMTX__ "lX"
#define __UINTMAX_FMTo__ "lo"
#define __UINTMAX_FMTu__ "lu"
#define __UINTMAX_FMTx__ "lx"
#define __UINTMAX_MAX__ 18446744073709551615UL
#define __UINTMAX_TYPE__ long unsigned int
#define __UINTMAX_WIDTH__ 64
#define __UINTPTR_FMTX__ "lX"
#define __UINTPTR_FMTo__ "lo"
#define __UINTPTR_FMTu__ "lu"
#define __UINTPTR_FMTx__ "lx"
#define __UINTPTR_MAX__ 18446744073709551615UL
#define __UINTPTR_TYPE__ long unsigned int
#define __UINTPTR_WIDTH__ 64
#define __UINT_FAST16_FMTX__ "hX"
#define __UINT_FAST16_FMTo__ "ho"
#define __UINT_FAST16_FMTu__ "hu"
#define __UINT_FAST16_FMTx__ "hx"
#define __UINT_FAST16_MAX__ 65535
#define __UINT_FAST16_TYPE__ unsigned short
#define __UINT_FAST32_FMTX__ "X"
#define __UINT_FAST32_FMTo__ "o"
#define __UINT_FAST32_FMTu__ "u"
#define __UINT_FAST32_FMTx__ "x"
#define __UINT_FAST32_MAX__ 4294967295U
#define __UINT_FAST32_TYPE__ unsigned int
#define __UINT_FAST64_FMTX__ "llX"
#define __UINT_FAST64_FMTo__ "llo"
#define __UINT_FAST64_FMTu__ "llu"
#define __UINT_FAST64_FMTx__ "llx"
#define __UINT_FAST64_MAX__ 18446744073709551615ULL
#define __UINT_FAST64_TYPE__ long long unsigned int
#define __UINT_FAST8_FMTX__ "hhX"
#define __UINT_FAST8_FMTo__ "hho"
#define __UINT_FAST8_FMTu__ "hhu"
#define __UINT_FAST8_FMTx__ "hhx"
#define __UINT_FAST8_MAX__ 255
#define __UINT_FAST8_TYPE__ unsigned char
#define __UINT_LEAST16_FMTX__ "hX"
#define __UINT_LEAST16_FMTo__ "ho"
#define __UINT_LEAST16_FMTu__ "hu"
#define __UINT_LEAST16_FMTx__ "hx"
#define __UINT_LEAST16_MAX__ 65535
#define __UINT_LEAST16_TYPE__ unsigned short
#define __UINT_LEAST32_FMTX__ "X"
#define __UINT_LEAST32_FMTo__ "o"
#define __UINT_LEAST32_FMTu__ "u"
#define __UINT_LEAST32_FMTx__ "x"
#define __UINT_LEAST32_MAX__ 4294967295U
#define __UINT_LEAST32_TYPE__ unsigned int
#define __UINT_LEAST64_FMTX__ "llX"
#define __UINT_LEAST64_FMTo__ "llo"
#define __UINT_LEAST64_FMTu__ "llu"
#define __UINT_LEAST64_FMTx__ "llx"
#define __UINT_LEAST64_MAX__ 18446744073709551615ULL
#define __UINT_LEAST64_TYPE__ long long unsigned int
#define __UINT_LEAST8_FMTX__ "hhX"
#define __UINT_LEAST8_FMTo__ "hho"
#define __UINT_LEAST8_FMTu__ "hhu"
#define __UINT_LEAST8_FMTx__ "hhx"
#define __UINT_LEAST8_MAX__ 255
#define __UINT_LEAST8_TYPE__ unsigned char
#define __USER_LABEL_PREFIX__ _
#define __VERSION__ "Apple LLVM 13.1.6 (clang-1316.0.21.2.5)"
#define __WCHAR_MAX__ 2147483647
#define __WCHAR_TYPE__ int
#define __WCHAR_WIDTH__ 32
#define __WINT_MAX__ 2147483647
#define __WINT_TYPE__ int
#define __WINT_WIDTH__ 32
#define __amd64 1
#define __amd64__ 1
#define __apple_build_version__ 13160021
#define __block __attribute__((__blocks__(byref)))
#define __clang__ 1
#define __clang_literal_encoding__ "UTF-8"
#define __clang_major__ 13
#define __clang_minor__ 1
#define __clang_patchlevel__ 6
#define __clang_version__ "13.1.6 (clang-1316.0.21.2.5)"
#define __clang_wide_literal_encoding__ "UTF-32"
#define __code_model_small__ 1
#define __core2 1
#define __core2__ 1
#define __llvm__ 1
#define __nonnull _Nonnull
#define __null_unspecified _Null_unspecified
#define __nullable _Nullable
#define __pic__ 2
#define __seg_fs __attribute__((address_space(257)))
#define __seg_gs __attribute__((address_space(256)))
#define __strong 
#define __tune_core2__ 1
#define __unsafe_unretained 
#define __weak __attribute__((objc_gc(weak)))
#define __x86_64 1
#define __x86_64__ 1

find program=['llvm-ar', 'ar'] paths=['/opt/anaconda3/condabin', '/usr/local/bin', '/usr/bin', '/bin', '/usr/sbin', '/sbin', '/Library/TeX/texbin', '/usr/local/go/bin', '/opt/X11/bin', '/Library/Apple/usr/bin'] var='AR' -> ['/usr/bin/ar']
find program=['ar'] paths=['/opt/anaconda3/condabin', '/usr/local/bin', '/usr/bin', '/bin', '/usr/sbin', '/sbin', '/Library/TeX/texbin', '/usr/local/go/bin', '/opt/X11/bin', '/Library/Apple/usr/bin'] var='AR' -> ['/usr/bin/ar']
/usr/bin/clang++
------------------------------------------------
Checking for compilation flag -std=c++11 support
==>
int main() { return 0; }
<==
[1/1] Compiling [32mbuild/.conf_check_040c0dd0eda912b8b29d7d1ce92ad6d6/test.cpp[0m

['/usr/bin/clang++', '-O0', '-ggdb', '-g3', '-Wall', '-Wno-unused-parameter', '-Wno-unused-local-typedefs', '-Wno-potentially-evaluated-expression', '-std=c++11', '-DNS3_BUILD_PROFILE_DEBUG', '-DNS3_ASSERT_ENABLE', '-DNS3_LOG_ENABLE', '../test.cpp', '-c', '-o/Users/yeli/Downloads/ns-3.33-fec/build/.conf_check_040c0dd0eda912b8b29d7d1ce92ad6d6/testbuild/test.cpp.1.o']
ok
------------------------------------------------
Checking boost includes
1_78
------------------------------------------------
Checking boost libs
Found the boost path in /usr/local/lib with the libraries:
    /usr/local/lib/libboost_atomic-mt.a
    /usr/local/lib/libboost_atomic-mt.dylib
    /usr/local/lib/libboost_chrono-mt.a
    /usr/local/lib/libboost_chrono-mt.dylib
    /usr/local/lib/libboost_chrono.a
    /usr/local/lib/libboost_chrono.dylib
    /usr/local/lib/libboost_container-mt.a
    /usr/local/lib/libboost_container-mt.dylib
    /usr/local/lib/libboost_container.a
    /usr/local/lib/libboost_container.dylib
    /usr/local/lib/libboost_context-mt.a
    /usr/local/lib/libboost_context-mt.dylib
    /usr/local/lib/libboost_contract-mt.a
    /usr/local/lib/libboost_contract-mt.dylib
    /usr/local/lib/libboost_contract.a
    /usr/local/lib/libboost_contract.dylib
    /usr/local/lib/libboost_coroutine-mt.a
    /usr/local/lib/libboost_coroutine-mt.dylib
    /usr/local/lib/libboost_coroutine.a
    /usr/local/lib/libboost_coroutine.dylib
    /usr/local/lib/libboost_date_time-mt.a
    /usr/local/lib/libboost_date_time-mt.dylib
    /usr/local/lib/libboost_date_time.a
    /usr/local/lib/libboost_date_time.dylib
    /usr/local/lib/libboost_exception-mt.a
    /usr/local/lib/libboost_exception.a
    /usr/local/lib/libboost_fiber-mt.a
    /usr/local/lib/libboost_fiber-mt.dylib
    /usr/local/lib/libboost_filesystem-mt.a
    /usr/local/lib/libboost_filesystem-mt.dylib
    /usr/local/lib/libboost_filesystem.a
    /usr/local/lib/libboost_filesystem.dylib
    /usr/local/lib/libboost_graph-mt.a
    /usr/local/lib/libboost_graph-mt.dylib
    /usr/local/lib/libboost_graph.a
    /usr/local/lib/libboost_graph.dylib
    /usr/local/lib/libboost_iostreams-mt.a
    /usr/local/lib/libboost_iostreams-mt.dylib
    /usr/local/lib/libboost_iostreams.a
    /usr/local/lib/libboost_iostreams.dylib
    /usr/local/lib/libboost_json-mt.a
    /usr/local/lib/libboost_json-mt.dylib
    /usr/local/lib/libboost_json.a
    /usr/local/lib/libboost_json.dylib
    /usr/local/lib/libboost_locale-mt.a
    /usr/local/lib/libboost_locale-mt.dylib
    /usr/local/lib/libboost_log-mt.a
    /usr/local/lib/libboost_log-mt.dylib
    /usr/local/lib/libboost_log.a
    /usr/local/lib/libboost_log.dylib
    /usr/local/lib/libboost_log_setup-mt.a
    /usr/local/lib/libboost_log_setup-mt.dylib
    /usr/local/lib/libboost_log_setup.a
    /usr/local/lib/libboost_log_setup.dylib
    /usr/local/lib/libboost_math_c99-mt.a
    /usr/local/lib/libboost_math_c99-mt.dylib
    /usr/local/lib/libboost_math_c99.a
    /usr/local/lib/libboost_math_c99.dylib
    /usr/local/lib/libboost_math_c99f-mt.a
    /usr/local/lib/libboost_math_c99f-mt.dylib
    /usr/local/lib/libboost_math_c99f.a
    /usr/local/lib/libboost_math_c99f.dylib
    /usr/local/lib/libboost_math_c99l-mt.a
    /usr/local/lib/libboost_math_c99l-mt.dylib
    /usr/local/lib/libboost_math_c99l.a
    /usr/local/lib/libboost_math_c99l.dylib
    /usr/local/lib/libboost_math_tr1-mt.a
    /usr/local/lib/libboost_math_tr1-mt.dylib
    /usr/local/lib/libboost_math_tr1.a
    /usr/local/lib/libboost_math_tr1.dylib
    /usr/local/lib/libboost_math_tr1f-mt.a
    /usr/local/lib/libboost_math_tr1f-mt.dylib
    /usr/local/lib/libboost_math_tr1f.a
    /usr/local/lib/libboost_math_tr1f.dylib
    /usr/local/lib/libboost_math_tr1l-mt.a
    /usr/local/lib/libboost_math_tr1l-mt.dylib
    /usr/local/lib/libboost_math_tr1l.a
    /usr/local/lib/libboost_math_tr1l.dylib
    /usr/local/lib/libboost_nowide-mt.a
    /usr/local/lib/libboost_nowide-mt.dylib
    /usr/local/lib/libboost_nowide.a
    /usr/local/lib/libboost_nowide.dylib
    /usr/local/lib/libboost_prg_exec_monitor-mt.a
    /usr/local/lib/libboost_prg_exec_monitor-mt.dylib
    /usr/local/lib/libboost_prg_exec_monitor.a
    /usr/local/lib/libboost_prg_exec_monitor.dylib
    /usr/local/lib/libboost_program_options-mt.a
    /usr/local/lib/libboost_program_options-mt.dylib
    /usr/local/lib/libboost_program_options.a
    /usr/local/lib/libboost_program_options.dylib
    /usr/local/lib/libboost_random-mt.a
    /usr/local/lib/libboost_random-mt.dylib
    /usr/local/lib/libboost_random.a
    /usr/local/lib/libboost_random.dylib
    /usr/local/lib/libboost_regex-mt.a
    /usr/local/lib/libboost_regex-mt.dylib
    /usr/local/lib/libboost_regex.a
    /usr/local/lib/libboost_regex.dylib
    /usr/local/lib/libboost_serialization-mt.a
    /usr/local/lib/libboost_serialization-mt.dylib
    /usr/local/lib/libboost_serialization.a
    /usr/local/lib/libboost_serialization.dylib
    /usr/local/lib/libboost_stacktrace_addr2line-mt.a
    /usr/local/lib/libboost_stacktrace_addr2line-mt.dylib
    /usr/local/lib/libboost_stacktrace_addr2line.a
    /usr/local/lib/libboost_stacktrace_addr2line.dylib
    /usr/local/lib/libboost_stacktrace_basic-mt.a
    /usr/local/lib/libboost_stacktrace_basic-mt.dylib
    /usr/local/lib/libboost_stacktrace_basic.a
    /usr/local/lib/libboost_stacktrace_basic.dylib
    /usr/local/lib/libboost_stacktrace_noop-mt.a
    /usr/local/lib/libboost_stacktrace_noop-mt.dylib
    /usr/local/lib/libboost_stacktrace_noop.a
    /usr/local/lib/libboost_stacktrace_noop.dylib
    /usr/local/lib/libboost_system-mt.a
    /usr/local/lib/libboost_system-mt.dylib
    /usr/local/lib/libboost_system.a
    /usr/local/lib/libboost_system.dylib
    /usr/local/lib/libboost_test_exec_monitor-mt.a
    /usr/local/lib/libboost_test_exec_monitor.a
    /usr/local/lib/libboost_thread-mt.a
    /usr/local/lib/libboost_thread-mt.dylib
    /usr/local/lib/libboost_timer-mt.a
    /usr/local/lib/libboost_timer-mt.dylib
    /usr/local/lib/libboost_timer.a
    /usr/local/lib/libboost_timer.dylib
    /usr/local/lib/libboost_type_erasure-mt.a
    /usr/local/lib/libboost_type_erasure-mt.dylib
    /usr/local/lib/libboost_type_erasure.a
    /usr/local/lib/libboost_type_erasure.dylib
    /usr/local/lib/libboost_unit_test_framework-mt.a
    /usr/local/lib/libboost_unit_test_framework-mt.dylib
    /usr/local/lib/libboost_unit_test_framework.a
    /usr/local/lib/libboost_unit_test_framework.dylib
    /usr/local/lib/libboost_wave-mt.a
    /usr/local/lib/libboost_wave-mt.dylib
    /usr/local/lib/libboost_wave.a
    /usr/local/lib/libboost_wave.dylib
    /usr/local/lib/libboost_wserialization-mt.a
    /usr/local/lib/libboost_wserialization-mt.dylib
    /usr/local/lib/libboost_wserialization.a
    /usr/local/lib/libboost_wserialization.dylib
Trying pattern boost_system(-xgcc[0-9]{0,3})-1_78.dylib$
Trying pattern boost_system-1_78.dylib$
Trying pattern boost_system(-xgcc[0-9]{0,3}).dylib$
Trying pattern boost_system.dylib$
Found boost lib /usr/local/lib/libboost_system.dylib
Trying pattern boost_signals(-xgcc[0-9]{0,3})-1_78.dylib$
Trying pattern boost_signals-1_78.dylib$
Trying pattern boost_signals(-xgcc[0-9]{0,3}).dylib$
Trying pattern boost_signals.dylib$
Trying pattern boost_signals.dylib$
Trying pattern boost_signals
lib signals not found in /usr/local/lib
from /Users/yeli/Downloads/ns-3.33-fec: The configuration failed
------------------------------------------------
Checking boost includes
1_78
------------------------------------------------
Checking boost libs
Found the boost path in /usr/local/lib with the libraries:
    /usr/local/lib/libboost_atomic-mt.a
    /usr/local/lib/libboost_atomic-mt.dylib
    /usr/local/lib/libboost_chrono-mt.a
    /usr/local/lib/libboost_chrono-mt.dylib
    /usr/local/lib/libboost_chrono.a
    /usr/local/lib/libboost_chrono.dylib
    /usr/local/lib/libboost_container-mt.a
    /usr/local/lib/libboost_container-mt.dylib
    /usr/local/lib/libboost_container.a
    /usr/local/lib/libboost_container.dylib
    /usr/local/lib/libboost_context-mt.a
    /usr/local/lib/libboost_context-mt.dylib
    /usr/local/lib/libboost_contract-mt.a
    /usr/local/lib/libboost_contract-mt.dylib
    /usr/local/lib/libboost_contract.a
    /usr/local/lib/libboost_contract.dylib
    /usr/local/lib/libboost_coroutine-mt.a
    /usr/local/lib/libboost_coroutine-mt.dylib
    /usr/local/lib/libboost_coroutine.a
    /usr/local/lib/libboost_coroutine.dylib
    /usr/local/lib/libboost_date_time-mt.a
    /usr/local/lib/libboost_date_time-mt.dylib
    /usr/local/lib/libboost_date_time.a
    /usr/local/lib/libboost_date_time.dylib
    /usr/local/lib/libboost_exception-mt.a
    /usr/local/lib/libboost_exception.a
    /usr/local/lib/libboost_fiber-mt.a
    /usr/local/lib/libboost_fiber-mt.dylib
    /usr/local/lib/libboost_filesystem-mt.a
    /usr/local/lib/libboost_filesystem-mt.dylib
    /usr/local/lib/libboost_filesystem.a
    /usr/local/lib/libboost_filesystem.dylib
    /usr/local/lib/libboost_graph-mt.a
    /usr/local/lib/libboost_graph-mt.dylib
    /usr/local/lib/libboost_graph.a
    /usr/local/lib/libboost_graph.dylib
    /usr/local/lib/libboost_iostreams-mt.a
    /usr/local/lib/libboost_iostreams-mt.dylib
    /usr/local/lib/libboost_iostreams.a
    /usr/local/lib/libboost_iostreams.dylib
    /usr/local/lib/libboost_json-mt.a
    /usr/local/lib/libboost_json-mt.dylib
    /usr/local/lib/libboost_json.a
    /usr/local/lib/libboost_json.dylib
    /usr/local/lib/libboost_locale-mt.a
    /usr/local/lib/libboost_locale-mt.dylib
    /usr/local/lib/libboost_log-mt.a
    /usr/local/lib/libboost_log-mt.dylib
    /usr/local/lib/libboost_log.a
    /usr/local/lib/libboost_log.dylib
    /usr/local/lib/libboost_log_setup-mt.a
    /usr/local/lib/libboost_log_setup-mt.dylib
    /usr/local/lib/libboost_log_setup.a
    /usr/local/lib/libboost_log_setup.dylib
    /usr/local/lib/libboost_math_c99-mt.a
    /usr/local/lib/libboost_math_c99-mt.dylib
    /usr/local/lib/libboost_math_c99.a
    /usr/local/lib/libboost_math_c99.dylib
    /usr/local/lib/libboost_math_c99f-mt.a
    /usr/local/lib/libboost_math_c99f-mt.dylib
    /usr/local/lib/libboost_math_c99f.a
    /usr/local/lib/libboost_math_c99f.dylib
    /usr/local/lib/libboost_math_c99l-mt.a
    /usr/local/lib/libboost_math_c99l-mt.dylib
    /usr/local/lib/libboost_math_c99l.a
    /usr/local/lib/libboost_math_c99l.dylib
    /usr/local/lib/libboost_math_tr1-mt.a
    /usr/local/lib/libboost_math_tr1-mt.dylib
    /usr/local/lib/libboost_math_tr1.a
    /usr/local/lib/libboost_math_tr1.dylib
    /usr/local/lib/libboost_math_tr1f-mt.a
    /usr/local/lib/libboost_math_tr1f-mt.dylib
    /usr/local/lib/libboost_math_tr1f.a
    /usr/local/lib/libboost_math_tr1f.dylib
    /usr/local/lib/libboost_math_tr1l-mt.a
    /usr/local/lib/libboost_math_tr1l-mt.dylib
    /usr/local/lib/libboost_math_tr1l.a
    /usr/local/lib/libboost_math_tr1l.dylib
    /usr/local/lib/libboost_nowide-mt.a
    /usr/local/lib/libboost_nowide-mt.dylib
    /usr/local/lib/libboost_nowide.a
    /usr/local/lib/libboost_nowide.dylib
    /usr/local/lib/libboost_prg_exec_monitor-mt.a
    /usr/local/lib/libboost_prg_exec_monitor-mt.dylib
    /usr/local/lib/libboost_prg_exec_monitor.a
    /usr/local/lib/libboost_prg_exec_monitor.dylib
    /usr/local/lib/libboost_program_options-mt.a
    /usr/local/lib/libboost_program_options-mt.dylib
    /usr/local/lib/libboost_program_options.a
    /usr/local/lib/libboost_program_options.dylib
    /usr/local/lib/libboost_random-mt.a
    /usr/local/lib/libboost_random-mt.dylib
    /usr/local/lib/libboost_random.a
    /usr/local/lib/libboost_random.dylib
    /usr/local/lib/libboost_regex-mt.a
    /usr/local/lib/libboost_regex-mt.dylib
    /usr/local/lib/libboost_regex.a
    /usr/local/lib/libboost_regex.dylib
    /usr/local/lib/libboost_serialization-mt.a
    /usr/local/lib/libboost_serialization-mt.dylib
    /usr/local/lib/libboost_serialization.a
    /usr/local/lib/libboost_serialization.dylib
    /usr/local/lib/libboost_stacktrace_addr2line-mt.a
    /usr/local/lib/libboost_stacktrace_addr2line-mt.dylib
    /usr/local/lib/libboost_stacktrace_addr2line.a
    /usr/local/lib/libboost_stacktrace_addr2line.dylib
    /usr/local/lib/libboost_stacktrace_basic-mt.a
    /usr/local/lib/libboost_stacktrace_basic-mt.dylib
    /usr/local/lib/libboost_stacktrace_basic.a
    /usr/local/lib/libboost_stacktrace_basic.dylib
    /usr/local/lib/libboost_stacktrace_noop-mt.a
    /usr/local/lib/libboost_stacktrace_noop-mt.dylib
    /usr/local/lib/libboost_stacktrace_noop.a
    /usr/local/lib/libboost_stacktrace_noop.dylib
    /usr/local/lib/libboost_system-mt.a
    /usr/local/lib/libboost_system-mt.dylib
    /usr/local/lib/libboost_system.a
    /usr/local/lib/libboost_system.dylib
    /usr/local/lib/libboost_test_exec_monitor-mt.a
    /usr/local/lib/libboost_test_exec_monitor.a
    /usr/local/lib/libboost_thread-mt.a
    /usr/local/lib/libboost_thread-mt.dylib
    /usr/local/lib/libboost_timer-mt.a
    /usr/local/lib/libboost_timer-mt.dylib
    /usr/local/lib/libboost_timer.a
    /usr/local/lib/libboost_timer.dylib
    /usr/local/lib/libboost_type_erasure-mt.a
    /usr/local/lib/libboost_type_erasure-mt.dylib
    /usr/local/lib/libboost_type_erasure.a
    /usr/local/lib/libboost_type_erasure.dylib
    /usr/local/lib/libboost_unit_test_framework-mt.a
    /usr/local/lib/libboost_unit_test_framework-mt.dylib
    /usr/local/lib/libboost_unit_test_framework.a
    /usr/local/lib/libboost_unit_test_framework.dylib
    /usr/local/lib/libboost_wave-mt.a
    /usr/local/lib/libboost_wave-mt.dylib
    /usr/local/lib/libboost_wave.a
    /usr/local/lib/libboost_wave.dylib
    /usr/local/lib/libboost_wserialization-mt.a
    /usr/local/lib/libboost_wserialization-mt.dylib
    /usr/local/lib/libboost_wserialization.a
    /usr/local/lib/libboost_wserialization.dylib
Trying pattern boost_system(-xgcc[0-9]{0,3})-1_78.dylib$
Trying pattern boost_system-1_78.dylib$
Trying pattern boost_system(-xgcc[0-9]{0,3}).dylib$
Trying pattern boost_system.dylib$
Found boost lib /usr/local/lib/libboost_system.dylib
Trying pattern boost_signals(-xgcc[0-9]{0,3})-1_78.dylib$
Trying pattern boost_signals-1_78.dylib$
Trying pattern boost_signals(-xgcc[0-9]{0,3}).dylib$
Trying pattern boost_signals.dylib$
Trying pattern boost_signals.dylib$
Trying pattern boost_signals
lib signals not found in /usr/local/lib
from /Users/yeli/Downloads/ns-3.33-fec: The configuration failed
------------------------------------------------
Checking for click location
not found
------------------------------------------------
Checking for program 'pkg-config'
/usr/local/bin/pkg-config
find program=['pkg-config'] paths=['/opt/anaconda3/condabin', '/usr/local/bin', '/usr/bin', '/bin', '/usr/sbin', '/sbin', '/Library/TeX/texbin', '/usr/local/go/bin', '/opt/X11/bin', '/Library/Apple/usr/bin'] var='PKGCONFIG' -> ['/usr/local/bin/pkg-config']
------------------------------------------------
Checking for 'gtk+-3.0 >= 3.20'
['/usr/local/bin/pkg-config', '--cflags', '--libs', 'gtk+-3.0', '>=', '3.20']
err: Package gtk+-3.0 was not found in the pkg-config search path.
Perhaps you should add the directory containing `gtk+-3.0.pc'
to the PKG_CONFIG_PATH environment variable
No package 'gtk+-3.0' found

not found
from /Users/yeli/Downloads/ns-3.33-fec/src/config-store: The configuration failed
------------------------------------------------
Checking for 'libxml-2.0 >= 2.7'
['/usr/local/bin/pkg-config', '--cflags', '--libs', 'libxml-2.0', '>=', '2.7']
out: -lxml2

yes
------------------------------------------------
checking for uint128_t
==>

        #include <stdint.h>
        
        int main(int argc, char **argv) {
	(void)argc; (void)argv;
	if ((uint128_t *) 0) return 0;
	if (sizeof (uint128_t)) return 0;
	return 1;
        }
        
<==
[1/2] Compiling [32mbuild/.conf_check_2f39551c44a4e78a2e4469b1bac2d149/test.cpp[0m

['/usr/bin/clang++', '-O0', '-ggdb', '-g3', '-Wall', '-Wno-unused-parameter', '-Wno-unused-local-typedefs', '-Wno-potentially-evaluated-expression', '-std=c++11', '-DNS3_BUILD_PROFILE_DEBUG', '-DNS3_ASSERT_ENABLE', '-DNS3_LOG_ENABLE', '../test.cpp', '-c', '-o/Users/yeli/Downloads/ns-3.33-fec/build/.conf_check_2f39551c44a4e78a2e4469b1bac2d149/testbuild/test.cpp.1.o']
err: ../test.cpp:6:7: error: use of undeclared identifier 'uint128_t'
        if ((uint128_t *) 0) return 0;
             ^
../test.cpp:6:18: error: expected expression
        if ((uint128_t *) 0) return 0;
                        ^
../test.cpp:7:14: error: use of undeclared identifier 'uint128_t'
        if (sizeof (uint128_t)) return 0;
                    ^
3 errors generated.

from /Users/yeli/Downloads/ns-3.33-fec/src/core: Test does not build: Traceback (most recent call last):
  File "/Users/yeli/Downloads/ns-3.33-fec/.waf3-2.0.21-c6c9a875365426e5928462b9b74d40b5/waflib/Configure.py", line 335, in run_build
    bld.compile()
  File "/Users/yeli/Downloads/ns-3.33-fec/.waf3-2.0.21-c6c9a875365426e5928462b9b74d40b5/waflib/Build.py", line 176, in compile
    raise Errors.BuildError(self.producer.error)
waflib.Errors.BuildError: Build failed
 -> task in 'testprog' failed with exit status 1 (run with -v to display more information)

not found
from /Users/yeli/Downloads/ns-3.33-fec/src/core: The configuration failed
------------------------------------------------
checking for __uint128_t
==>

        #include <stdint.h>
        
        int main(int argc, char **argv) {
	(void)argc; (void)argv;
	if ((__uint128_t *) 0) return 0;
	if (sizeof (__uint128_t)) return 0;
	return 1;
        }
        
<==
[1/2] Compiling [32mbuild/.conf_check_9858f12ee3e8fd10ddbed7322e7f6d39/test.cpp[0m

['/usr/bin/clang++', '-O0', '-ggdb', '-g3', '-Wall', '-Wno-unused-parameter', '-Wno-unused-local-typedefs', '-Wno-potentially-evaluated-expression', '-std=c++11', '-DNS3_BUILD_PROFILE_DEBUG', '-DNS3_ASSERT_ENABLE', '-DNS3_LOG_ENABLE', '../test.cpp', '-c', '-o/Users/yeli/Downloads/ns-3.33-fec/build/.conf_check_9858f12ee3e8fd10ddbed7322e7f6d39/testbuild/test.cpp.1.o']
[2/2] Linking [33mbuild/.conf_check_9858f12ee3e8fd10ddbed7322e7f6d39/testbuild/testprog[0m

['/usr/bin/clang++', 'test.cpp.1.o', '-o/Users/yeli/Downloads/ns-3.33-fec/build/.conf_check_9858f12ee3e8fd10ddbed7322e7f6d39/testbuild/testprog']
yes
------------------------------------------------
Checking high precision implementation
128-bit integer (default)
------------------------------------------------
Checking for header stdint.h
==>
#include <stdint.h>

int main(int argc, char **argv) {
	(void)argc; (void)argv;
	return 0;
}

<==
[1/2] Compiling [32mbuild/.conf_check_78f27eb1cb7d718aa77ac6221c1170cb/test.cpp[0m

['/usr/bin/clang++', '-O0', '-ggdb', '-g3', '-Wall', '-Wno-unused-parameter', '-Wno-unused-local-typedefs', '-Wno-potentially-evaluated-expression', '-std=c++11', '-DNS3_BUILD_PROFILE_DEBUG', '-DNS3_ASSERT_ENABLE', '-DNS3_LOG_ENABLE', '-DHAVE___UINT128_T=1', '-DINT64X64_USE_128=1', '../test.cpp', '-c', '-o/Users/yeli/Downloads/ns-3.33-fec/build/.conf_check_78f27eb1cb7d718aa77ac6221c1170cb/testbuild/test.cpp.1.o']
[2/2] Linking [33mbuild/.conf_check_78f27eb1cb7d718aa77ac6221c1170cb/testbuild/testprog[0m

['/usr/bin/clang++', 'test.cpp.1.o', '-o/Users/yeli/Downloads/ns-3.33-fec/build/.conf_check_78f27eb1cb7d718aa77ac6221c1170cb/testbuild/testprog']
yes
------------------------------------------------
Checking for header inttypes.h
==>
#include <inttypes.h>

int main(int argc, char **argv) {
	(void)argc; (void)argv;
	return 0;
}

<==
[1/2] Compiling [32mbuild/.conf_check_fc28ad0b265dbc0ea499b0019a3e29a9/test.cpp[0m

['/usr/bin/clang++', '-O0', '-ggdb', '-g3', '-Wall', '-Wno-unused-parameter', '-Wno-unused-local-typedefs', '-Wno-potentially-evaluated-expression', '-std=c++11', '-DNS3_BUILD_PROFILE_DEBUG', '-DNS3_ASSERT_ENABLE', '-DNS3_LOG_ENABLE', '-DHAVE___UINT128_T=1', '-DINT64X64_USE_128=1', '-DHAVE_STDINT_H=1', '../test.cpp', '-c', '-o/Users/yeli/Downloads/ns-3.33-fec/build/.conf_check_fc28ad0b265dbc0ea499b0019a3e29a9/testbuild/test.cpp.1.o']
[2/2] Linking [33mbuild/.conf_check_fc28ad0b265dbc0ea499b0019a3e29a9/testbuild/testprog[0m

['/usr/bin/clang++', 'test.cpp.1.o', '-o/Users/yeli/Downloads/ns-3.33-fec/build/.conf_check_fc28ad0b265dbc0ea499b0019a3e29a9/testbuild/testprog']
yes
------------------------------------------------
Checking for header sys/inttypes.h
==>
#include <sys/inttypes.h>

int main(int argc, char **argv) {
	(void)argc; (void)argv;
	return 0;
}

<==
[1/2] Compiling [32mbuild/.conf_check_be8f82a542d6af9f438e0ae24dca5ce1/test.cpp[0m

['/usr/bin/clang++', '-O0', '-ggdb', '-g3', '-Wall', '-Wno-unused-parameter', '-Wno-unused-local-typedefs', '-Wno-potentially-evaluated-expression', '-std=c++11', '-DNS3_BUILD_PROFILE_DEBUG', '-DNS3_ASSERT_ENABLE', '-DNS3_LOG_ENABLE', '-DHAVE___UINT128_T=1', '-DINT64X64_USE_128=1', '-DHAVE_STDINT_H=1', '-DHAVE_INTTYPES_H=1', '../test.cpp', '-c', '-o/Users/yeli/Downloads/ns-3.33-fec/build/.conf_check_be8f82a542d6af9f438e0ae24dca5ce1/testbuild/test.cpp.1.o']
err: ../test.cpp:1:10: fatal error: 'sys/inttypes.h' file not found
#include <sys/inttypes.h>
         ^~~~~~~~~~~~~~~~
1 error generated.

from /Users/yeli/Downloads/ns-3.33-fec/src/core: Test does not build: Traceback (most recent call last):
  File "/Users/yeli/Downloads/ns-3.33-fec/.waf3-2.0.21-c6c9a875365426e5928462b9b74d40b5/waflib/Configure.py", line 335, in run_build
    bld.compile()
  File "/Users/yeli/Downloads/ns-3.33-fec/.waf3-2.0.21-c6c9a875365426e5928462b9b74d40b5/waflib/Build.py", line 176, in compile
    raise Errors.BuildError(self.producer.error)
waflib.Errors.BuildError: Build failed
 -> task in 'testprog' failed with exit status 1 (run with -v to display more information)

not found
from /Users/yeli/Downloads/ns-3.33-fec/src/core: The configuration failed
------------------------------------------------
Checking for header sys/types.h
==>
#include <sys/types.h>

int main(int argc, char **argv) {
	(void)argc; (void)argv;
	return 0;
}

<==
[1/2] Compiling [32mbuild/.conf_check_8921d893cae40686018a1a0f274b919a/test.cpp[0m

['/usr/bin/clang++', '-O0', '-ggdb', '-g3', '-Wall', '-Wno-unused-parameter', '-Wno-unused-local-typedefs', '-Wno-potentially-evaluated-expression', '-std=c++11', '-DNS3_BUILD_PROFILE_DEBUG', '-DNS3_ASSERT_ENABLE', '-DNS3_LOG_ENABLE', '-DHAVE___UINT128_T=1', '-DINT64X64_USE_128=1', '-DHAVE_STDINT_H=1', '-DHAVE_INTTYPES_H=1', '../test.cpp', '-c', '-o/Users/yeli/Downloads/ns-3.33-fec/build/.conf_check_8921d893cae40686018a1a0f274b919a/testbuild/test.cpp.1.o']
[2/2] Linking [33mbuild/.conf_check_8921d893cae40686018a1a0f274b919a/testbuild/testprog[0m

['/usr/bin/clang++', 'test.cpp.1.o', '-o/Users/yeli/Downloads/ns-3.33-fec/build/.conf_check_8921d893cae40686018a1a0f274b919a/testbuild/testprog']
yes
------------------------------------------------
Checking for header sys/stat.h
==>
#include <sys/stat.h>

int main(int argc, char **argv) {
	(void)argc; (void)argv;
	return 0;
}

<==
[1/2] Compiling [32mbuild/.conf_check_35c3b87a09b47b232105a7d7cd0283a2/test.cpp[0m

['/usr/bin/clang++', '-O0', '-ggdb', '-g3', '-Wall', '-Wno-unused-parameter', '-Wno-unused-local-typedefs', '-Wno-potentially-evaluated-expression', '-std=c++11', '-DNS3_BUILD_PROFILE_DEBUG', '-DNS3_ASSERT_ENABLE', '-DNS3_LOG_ENABLE', '-DHAVE___UINT128_T=1', '-DINT64X64_USE_128=1', '-DHAVE_STDINT_H=1', '-DHAVE_INTTYPES_H=1', '-DHAVE_SYS_TYPES_H=1', '../test.cpp', '-c', '-o/Users/yeli/Downloads/ns-3.33-fec/build/.conf_check_35c3b87a09b47b232105a7d7cd0283a2/testbuild/test.cpp.1.o']
[2/2] Linking [33mbuild/.conf_check_35c3b87a09b47b232105a7d7cd0283a2/testbuild/testprog[0m

['/usr/bin/clang++', 'test.cpp.1.o', '-o/Users/yeli/Downloads/ns-3.33-fec/build/.conf_check_35c3b87a09b47b232105a7d7cd0283a2/testbuild/testprog']
yes
------------------------------------------------
Checking for header dirent.h
==>
#include <dirent.h>

int main(int argc, char **argv) {
	(void)argc; (void)argv;
	return 0;
}

<==
[1/2] Compiling [32mbuild/.conf_check_42a2d945c05247460c5b0f87cb6870b7/test.cpp[0m

['/usr/bin/clang++', '-O0', '-ggdb', '-g3', '-Wall', '-Wno-unused-parameter', '-Wno-unused-local-typedefs', '-Wno-potentially-evaluated-expression', '-std=c++11', '-DNS3_BUILD_PROFILE_DEBUG', '-DNS3_ASSERT_ENABLE', '-DNS3_LOG_ENABLE', '-DHAVE___UINT128_T=1', '-DINT64X64_USE_128=1', '-DHAVE_STDINT_H=1', '-DHAVE_INTTYPES_H=1', '-DHAVE_SYS_TYPES_H=1', '-DHAVE_SYS_STAT_H=1', '../test.cpp', '-c', '-o/Users/yeli/Downloads/ns-3.33-fec/build/.conf_check_42a2d945c05247460c5b0f87cb6870b7/testbuild/test.cpp.1.o']
[2/2] Linking [33mbuild/.conf_check_42a2d945c05247460c5b0f87cb6870b7/testbuild/testprog[0m

['/usr/bin/clang++', 'test.cpp.1.o', '-o/Users/yeli/Downloads/ns-3.33-fec/build/.conf_check_42a2d945c05247460c5b0f87cb6870b7/testbuild/testprog']
yes
------------------------------------------------
Checking for header signal.h
==>
#include <signal.h>

int main(int argc, char **argv) {
	(void)argc; (void)argv;
	return 0;
}

<==
[1/2] Compiling [32mbuild/.conf_check_4ecf044f3ad7de926ece45637d37a7c2/test.cpp[0m

['/usr/bin/clang++', '-O0', '-ggdb', '-g3', '-Wall', '-Wno-unused-parameter', '-Wno-unused-local-typedefs', '-Wno-potentially-evaluated-expression', '-std=c++11', '-DNS3_BUILD_PROFILE_DEBUG', '-DNS3_ASSERT_ENABLE', '-DNS3_LOG_ENABLE', '-DHAVE___UINT128_T=1', '-DINT64X64_USE_128=1', '-DHAVE_STDINT_H=1', '-DHAVE_INTTYPES_H=1', '-DHAVE_SYS_TYPES_H=1', '-DHAVE_SYS_STAT_H=1', '-DHAVE_DIRENT_H=1', '../test.cpp', '-c', '-o/Users/yeli/Downloads/ns-3.33-fec/build/.conf_check_4ecf044f3ad7de926ece45637d37a7c2/testbuild/test.cpp.1.o']
[2/2] Linking [33mbuild/.conf_check_4ecf044f3ad7de926ece45637d37a7c2/testbuild/testprog[0m

['/usr/bin/clang++', 'test.cpp.1.o', '-o/Users/yeli/Downloads/ns-3.33-fec/build/.conf_check_4ecf044f3ad7de926ece45637d37a7c2/testbuild/testprog']
yes
------------------------------------------------
Checking for header pthread.h
==>

#include <pthread.h>
int main ()
{
   pthread_mutex_t m;
   pthread_mutex_init (&m, NULL);
   return 0;
}

<==
[1/2] Compiling [32mbuild/.conf_check_540e61053391cd4cb697e5746d5ea1e2/test.cpp[0m

['/usr/bin/clang++', '-O0', '-ggdb', '-g3', '-Wall', '-Wno-unused-parameter', '-Wno-unused-local-typedefs', '-Wno-potentially-evaluated-expression', '-std=c++11', '-DNS3_BUILD_PROFILE_DEBUG', '-DNS3_ASSERT_ENABLE', '-DNS3_LOG_ENABLE', '-DHAVE___UINT128_T=1', '-DINT64X64_USE_128=1', '-DHAVE_STDINT_H=1', '-DHAVE_INTTYPES_H=1', '-DHAVE_SYS_TYPES_H=1', '-DHAVE_SYS_STAT_H=1', '-DHAVE_DIRENT_H=1', '-DHAVE_SIGNAL_H=1', '../test.cpp', '-c', '-o/Users/yeli/Downloads/ns-3.33-fec/build/.conf_check_540e61053391cd4cb697e5746d5ea1e2/testbuild/test.cpp.1.o']
[2/2] Linking [33mbuild/.conf_check_540e61053391cd4cb697e5746d5ea1e2/testbuild/testprog[0m

['/usr/bin/clang++', 'test.cpp.1.o', '-o/Users/yeli/Downloads/ns-3.33-fec/build/.conf_check_540e61053391cd4cb697e5746d5ea1e2/testbuild/testprog']
yes
------------------------------------------------
Checking for header stdint.h
==>
#include <stdint.h>

int main(int argc, char **argv) {
	(void)argc; (void)argv;
	return 0;
}

<==
[1/2] Compiling [32mbuild/.conf_check_78f27eb1cb7d718aa77ac6221c1170cb/test.cpp[0m

['/usr/bin/clang++', '-O0', '-ggdb', '-g3', '-Wall', '-Wno-unused-parameter', '-Wno-unused-local-typedefs', '-Wno-potentially-evaluated-expression', '-std=c++11', '-DNS3_BUILD_PROFILE_DEBUG', '-DNS3_ASSERT_ENABLE', '-DNS3_LOG_ENABLE', '-DHAVE___UINT128_T=1', '-DINT64X64_USE_128=1', '-DHAVE_INTTYPES_H=1', '-DHAVE_SYS_TYPES_H=1', '-DHAVE_SYS_STAT_H=1', '-DHAVE_DIRENT_H=1', '-DHAVE_SIGNAL_H=1', '-DHAVE_PTHREAD_H=1', '../test.cpp', '-c', '-o/Users/yeli/Downloads/ns-3.33-fec/build/.conf_check_78f27eb1cb7d718aa77ac6221c1170cb/testbuild/test.cpp.1.o']
[2/2] Linking [33mbuild/.conf_check_78f27eb1cb7d718aa77ac6221c1170cb/testbuild/testprog[0m

['/usr/bin/clang++', 'test.cpp.1.o', '-o/Users/yeli/Downloads/ns-3.33-fec/build/.conf_check_78f27eb1cb7d718aa77ac6221c1170cb/testbuild/testprog']
yes
------------------------------------------------
Checking for header inttypes.h
==>
#include <inttypes.h>

int main(int argc, char **argv) {
	(void)argc; (void)argv;
	return 0;
}

<==
[1/2] Compiling [32mbuild/.conf_check_fc28ad0b265dbc0ea499b0019a3e29a9/test.cpp[0m

['/usr/bin/clang++', '-O0', '-ggdb', '-g3', '-Wall', '-Wno-unused-parameter', '-Wno-unused-local-typedefs', '-Wno-potentially-evaluated-expression', '-std=c++11', '-DNS3_BUILD_PROFILE_DEBUG', '-DNS3_ASSERT_ENABLE', '-DNS3_LOG_ENABLE', '-DHAVE___UINT128_T=1', '-DINT64X64_USE_128=1', '-DHAVE_SYS_TYPES_H=1', '-DHAVE_SYS_STAT_H=1', '-DHAVE_DIRENT_H=1', '-DHAVE_SIGNAL_H=1', '-DHAVE_PTHREAD_H=1', '-DHAVE_STDINT_H=1', '../test.cpp', '-c', '-o/Users/yeli/Downloads/ns-3.33-fec/build/.conf_check_fc28ad0b265dbc0ea499b0019a3e29a9/testbuild/test.cpp.1.o']
[2/2] Linking [33mbuild/.conf_check_fc28ad0b265dbc0ea499b0019a3e29a9/testbuild/testprog[0m

['/usr/bin/clang++', 'test.cpp.1.o', '-o/Users/yeli/Downloads/ns-3.33-fec/build/.conf_check_fc28ad0b265dbc0ea499b0019a3e29a9/testbuild/testprog']
yes
------------------------------------------------
Checking for header sys/inttypes.h
==>
#include <sys/inttypes.h>

int main(int argc, char **argv) {
	(void)argc; (void)argv;
	return 0;
}

<==
[1/2] Compiling [32mbuild/.conf_check_be8f82a542d6af9f438e0ae24dca5ce1/test.cpp[0m

['/usr/bin/clang++', '-O0', '-ggdb', '-g3', '-Wall', '-Wno-unused-parameter', '-Wno-unused-local-typedefs', '-Wno-potentially-evaluated-expression', '-std=c++11', '-DNS3_BUILD_PROFILE_DEBUG', '-DNS3_ASSERT_ENABLE', '-DNS3_LOG_ENABLE', '-DHAVE___UINT128_T=1', '-DINT64X64_USE_128=1', '-DHAVE_SYS_TYPES_H=1', '-DHAVE_SYS_STAT_H=1', '-DHAVE_DIRENT_H=1', '-DHAVE_SIGNAL_H=1', '-DHAVE_PTHREAD_H=1', '-DHAVE_STDINT_H=1', '-DHAVE_INTTYPES_H=1', '../test.cpp', '-c', '-o/Users/yeli/Downloads/ns-3.33-fec/build/.conf_check_be8f82a542d6af9f438e0ae24dca5ce1/testbuild/test.cpp.1.o']
err: ../test.cpp:1:10: fatal error: 'sys/inttypes.h' file not found
#include <sys/inttypes.h>
         ^~~~~~~~~~~~~~~~
1 error generated.

from /Users/yeli/Downloads/ns-3.33-fec/src/core: Test does not build: Traceback (most recent call last):
  File "/Users/yeli/Downloads/ns-3.33-fec/.waf3-2.0.21-c6c9a875365426e5928462b9b74d40b5/waflib/Configure.py", line 335, in run_build
    bld.compile()
  File "/Users/yeli/Downloads/ns-3.33-fec/.waf3-2.0.21-c6c9a875365426e5928462b9b74d40b5/waflib/Build.py", line 176, in compile
    raise Errors.BuildError(self.producer.error)
waflib.Errors.BuildError: Build failed
 -> task in 'testprog' failed with exit status 1 (run with -v to display more information)

not found
from /Users/yeli/Downloads/ns-3.33-fec/src/core: The configuration failed
------------------------------------------------
Checking for library rt
==>

int main(int argc, char **argv) {
	(void)argc; (void)argv;
	return 0;
}

<==
[1/2] Compiling [32mbuild/.conf_check_2b334598ad55df9c966dac32c87d3c5d/test.cpp[0m

['/usr/bin/clang++', '-O0', '-ggdb', '-g3', '-Wall', '-Wno-unused-parameter', '-Wno-unused-local-typedefs', '-Wno-potentially-evaluated-expression', '-std=c++11', '-DNS3_BUILD_PROFILE_DEBUG', '-DNS3_ASSERT_ENABLE', '-DNS3_LOG_ENABLE', '-DHAVE___UINT128_T=1', '-DINT64X64_USE_128=1', '-DHAVE_SYS_TYPES_H=1', '-DHAVE_SYS_STAT_H=1', '-DHAVE_DIRENT_H=1', '-DHAVE_SIGNAL_H=1', '-DHAVE_PTHREAD_H=1', '-DHAVE_STDINT_H=1', '-DHAVE_INTTYPES_H=1', '../test.cpp', '-c', '-o/Users/yeli/Downloads/ns-3.33-fec/build/.conf_check_2b334598ad55df9c966dac32c87d3c5d/testbuild/test.cpp.1.o']
[2/2] Linking [33mbuild/.conf_check_2b334598ad55df9c966dac32c87d3c5d/testbuild/testprog[0m

['/usr/bin/clang++', 'test.cpp.1.o', '-o/Users/yeli/Downloads/ns-3.33-fec/build/.conf_check_2b334598ad55df9c966dac32c87d3c5d/testbuild/testprog', '-lrt']
err: ld: library not found for -lrt
clang: error: linker command failed with exit code 1 (use -v to see invocation)

from /Users/yeli/Downloads/ns-3.33-fec/src/core: Test does not build: Traceback (most recent call last):
  File "/Users/yeli/Downloads/ns-3.33-fec/.waf3-2.0.21-c6c9a875365426e5928462b9b74d40b5/waflib/Configure.py", line 335, in run_build
    bld.compile()
  File "/Users/yeli/Downloads/ns-3.33-fec/.waf3-2.0.21-c6c9a875365426e5928462b9b74d40b5/waflib/Build.py", line 176, in compile
    raise Errors.BuildError(self.producer.error)
waflib.Errors.BuildError: Build failed
 -> task in 'testprog' failed with exit status 1 (run with -v to display more information)

not found
from /Users/yeli/Downloads/ns-3.33-fec/src/core: The configuration failed
------------------------------------------------
Checking for header boost/units/systems/si.hpp
==>

#include <boost/units/systems/si.hpp>
int main ()
{
    auto q = 2 * boost::units::si::meter;
    q.value ();
}

<==
[1/2] Compiling [32mbuild/.conf_check_d3c5e6c589c9841223869d7de01349d0/test.cpp[0m

['/usr/bin/clang++', '-O0', '-ggdb', '-g3', '-Wall', '-Wno-unused-parameter', '-Wno-unused-local-typedefs', '-Wno-potentially-evaluated-expression', '-std=c++11', '-I/usr/local/include', '-DNS3_BUILD_PROFILE_DEBUG', '-DNS3_ASSERT_ENABLE', '-DNS3_LOG_ENABLE', '-DHAVE___UINT128_T=1', '-DINT64X64_USE_128=1', '-DHAVE_SYS_TYPES_H=1', '-DHAVE_SYS_STAT_H=1', '-DHAVE_DIRENT_H=1', '-DHAVE_SIGNAL_H=1', '-DHAVE_PTHREAD_H=1', '-DHAVE_STDINT_H=1', '-DHAVE_INTTYPES_H=1', '../test.cpp', '-c', '-o/Users/yeli/Downloads/ns-3.33-fec/build/.conf_check_d3c5e6c589c9841223869d7de01349d0/testbuild/test.cpp.1.o']
[2/2] Linking [33mbuild/.conf_check_d3c5e6c589c9841223869d7de01349d0/testbuild/testprog[0m

['/usr/bin/clang++', 'test.cpp.1.o', '-o/Users/yeli/Downloads/ns-3.33-fec/build/.conf_check_d3c5e6c589c9841223869d7de01349d0/testbuild/testprog']
yes
------------------------------------------------
Checking for header sys/ioctl.h
==>
#include <sys/ioctl.h>

int main(int argc, char **argv) {
	(void)argc; (void)argv;
	return 0;
}

<==
[1/2] Compiling [32mbuild/.conf_check_72d93051ebaa6b5f9d463e7096461b0c/test.cpp[0m

['/usr/bin/clang++', '-O0', '-ggdb', '-g3', '-Wall', '-Wno-unused-parameter', '-Wno-unused-local-typedefs', '-Wno-potentially-evaluated-expression', '-std=c++11', '-DNS3_BUILD_PROFILE_DEBUG', '-DNS3_ASSERT_ENABLE', '-DNS3_LOG_ENABLE', '../test.cpp', '-c', '-o/Users/yeli/Downloads/ns-3.33-fec/build/.conf_check_72d93051ebaa6b5f9d463e7096461b0c/testbuild/test.cpp.1.o', '-DHAVE_BOOST_UNITS']
[2/2] Linking [33mbuild/.conf_check_72d93051ebaa6b5f9d463e7096461b0c/testbuild/testprog[0m

['/usr/bin/clang++', 'test.cpp.1.o', '-o/Users/yeli/Downloads/ns-3.33-fec/build/.conf_check_72d93051ebaa6b5f9d463e7096461b0c/testbuild/testprog']
yes
------------------------------------------------
Checking for header net/if.h
==>
#include <net/if.h>

int main(int argc, char **argv) {
	(void)argc; (void)argv;
	return 0;
}

<==
[1/2] Compiling [32mbuild/.conf_check_10ae9c9b4244c33b19dacb103f33468c/test.cpp[0m

['/usr/bin/clang++', '-O0', '-ggdb', '-g3', '-Wall', '-Wno-unused-parameter', '-Wno-unused-local-typedefs', '-Wno-potentially-evaluated-expression', '-std=c++11', '-DNS3_BUILD_PROFILE_DEBUG', '-DNS3_ASSERT_ENABLE', '-DNS3_LOG_ENABLE', '-DHAVE_SYS_IOCTL_H=1', '../test.cpp', '-c', '-o/Users/yeli/Downloads/ns-3.33-fec/build/.conf_check_10ae9c9b4244c33b19dacb103f33468c/testbuild/test.cpp.1.o', '-DHAVE_BOOST_UNITS']
[2/2] Linking [33mbuild/.conf_check_10ae9c9b4244c33b19dacb103f33468c/testbuild/testprog[0m

['/usr/bin/clang++', 'test.cpp.1.o', '-o/Users/yeli/Downloads/ns-3.33-fec/build/.conf_check_10ae9c9b4244c33b19dacb103f33468c/testbuild/testprog']
yes
------------------------------------------------
Checking for header net/ethernet.h
==>
#include <net/ethernet.h>

int main(int argc, char **argv) {
	(void)argc; (void)argv;
	return 0;
}

<==
[1/2] Compiling [32mbuild/.conf_check_02eff9a880d4ef695f1f39407f17941c/test.cpp[0m

['/usr/bin/clang++', '-O0', '-ggdb', '-g3', '-Wall', '-Wno-unused-parameter', '-Wno-unused-local-typedefs', '-Wno-potentially-evaluated-expression', '-std=c++11', '-DNS3_BUILD_PROFILE_DEBUG', '-DNS3_ASSERT_ENABLE', '-DNS3_LOG_ENABLE', '-DHAVE_SYS_IOCTL_H=1', '-DHAVE_IF_NETS_H=1', '../test.cpp', '-c', '-o/Users/yeli/Downloads/ns-3.33-fec/build/.conf_check_02eff9a880d4ef695f1f39407f17941c/testbuild/test.cpp.1.o', '-DHAVE_BOOST_UNITS']
[2/2] Linking [33mbuild/.conf_check_02eff9a880d4ef695f1f39407f17941c/testbuild/testprog[0m

['/usr/bin/clang++', 'test.cpp.1.o', '-o/Users/yeli/Downloads/ns-3.33-fec/build/.conf_check_02eff9a880d4ef695f1f39407f17941c/testbuild/testprog']
yes
------------------------------------------------
Checking for 'libdpdk'
['/usr/local/bin/pkg-config', '--cflags', '--libs', 'libdpdk']
err: Package libdpdk was not found in the pkg-config search path.
Perhaps you should add the directory containing `libdpdk.pc'
to the PKG_CONFIG_PATH environment variable
No package 'libdpdk' found

not found
from /Users/yeli/Downloads/ns-3.33-fec/src/fd-net-device: The configuration failed
------------------------------------------------
Checking for header linux/if_tun.h
==>
#include <linux/if_tun.h>

int main(int argc, char **argv) {
	(void)argc; (void)argv;
	return 0;
}

<==
[1/2] Compiling [32mbuild/.conf_check_84bde5bf7ffe777dad5df813b93837c2/test.cpp[0m

['/usr/bin/clang++', '-O0', '-ggdb', '-g3', '-Wall', '-Wno-unused-parameter', '-Wno-unused-local-typedefs', '-Wno-potentially-evaluated-expression', '-std=c++11', '-DNS3_BUILD_PROFILE_DEBUG', '-DNS3_ASSERT_ENABLE', '-DNS3_LOG_ENABLE', '-DHAVE_SYS_IOCTL_H=1', '-DHAVE_IF_NETS_H=1', '-DHAVE_NET_ETHERNET_H=1', '../test.cpp', '-c', '-o/Users/yeli/Downloads/ns-3.33-fec/build/.conf_check_84bde5bf7ffe777dad5df813b93837c2/testbuild/test.cpp.1.o', '-DHAVE_BOOST_UNITS']
err: ../test.cpp:1:10: fatal error: 'linux/if_tun.h' file not found
#include <linux/if_tun.h>
         ^~~~~~~~~~~~~~~~
1 error generated.

from /Users/yeli/Downloads/ns-3.33-fec/src/fd-net-device: Test does not build: Traceback (most recent call last):
  File "/Users/yeli/Downloads/ns-3.33-fec/.waf3-2.0.21-c6c9a875365426e5928462b9b74d40b5/waflib/Configure.py", line 335, in run_build
    bld.compile()
  File "/Users/yeli/Downloads/ns-3.33-fec/.waf3-2.0.21-c6c9a875365426e5928462b9b74d40b5/waflib/Build.py", line 176, in compile
    raise Errors.BuildError(self.producer.error)
waflib.Errors.BuildError: Build failed
 -> task in 'testprog' failed with exit status 1 (run with -v to display more information)

not found
from /Users/yeli/Downloads/ns-3.33-fec/src/fd-net-device: The configuration failed
------------------------------------------------
Checking for header netpacket/packet.h
==>
#include <netpacket/packet.h>

int main(int argc, char **argv) {
	(void)argc; (void)argv;
	return 0;
}

<==
[1/2] Compiling [32mbuild/.conf_check_b65f599c2de3a80c907eb8b7100968be/test.cpp[0m

['/usr/bin/clang++', '-O0', '-ggdb', '-g3', '-Wall', '-Wno-unused-parameter', '-Wno-unused-local-typedefs', '-Wno-potentially-evaluated-expression', '-std=c++11', '-DNS3_BUILD_PROFILE_DEBUG', '-DNS3_ASSERT_ENABLE', '-DNS3_LOG_ENABLE', '-DHAVE_SYS_IOCTL_H=1', '-DHAVE_IF_NETS_H=1', '-DHAVE_NET_ETHERNET_H=1', '../test.cpp', '-c', '-o/Users/yeli/Downloads/ns-3.33-fec/build/.conf_check_b65f599c2de3a80c907eb8b7100968be/testbuild/test.cpp.1.o', '-DHAVE_BOOST_UNITS']
err: ../test.cpp:1:10: fatal error: 'netpacket/packet.h' file not found
#include <netpacket/packet.h>
         ^~~~~~~~~~~~~~~~~~~~
1 error generated.

from /Users/yeli/Downloads/ns-3.33-fec/src/fd-net-device: Test does not build: Traceback (most recent call last):
  File "/Users/yeli/Downloads/ns-3.33-fec/.waf3-2.0.21-c6c9a875365426e5928462b9b74d40b5/waflib/Configure.py", line 335, in run_build
    bld.compile()
  File "/Users/yeli/Downloads/ns-3.33-fec/.waf3-2.0.21-c6c9a875365426e5928462b9b74d40b5/waflib/Build.py", line 176, in compile
    raise Errors.BuildError(self.producer.error)
waflib.Errors.BuildError: Build failed
 -> task in 'testprog' failed with exit status 1 (run with -v to display more information)

not found
from /Users/yeli/Downloads/ns-3.33-fec/src/fd-net-device: The configuration failed
------------------------------------------------
Checking for header net/netmap_user.h
==>
#include <net/netmap_user.h>

int main(int argc, char **argv) {
	(void)argc; (void)argv;
	return 0;
}

<==
[1/2] Compiling [32mbuild/.conf_check_e9d03684062581acb00eba710bb5272f/test.cpp[0m

['/usr/bin/clang++', '-O0', '-ggdb', '-g3', '-Wall', '-Wno-unused-parameter', '-Wno-unused-local-typedefs', '-Wno-potentially-evaluated-expression', '-std=c++11', '-DNS3_BUILD_PROFILE_DEBUG', '-DNS3_ASSERT_ENABLE', '-DNS3_LOG_ENABLE', '-DHAVE_SYS_IOCTL_H=1', '-DHAVE_IF_NETS_H=1', '-DHAVE_NET_ETHERNET_H=1', '../test.cpp', '-c', '-o/Users/yeli/Downloads/ns-3.33-fec/build/.conf_check_e9d03684062581acb00eba710bb5272f/testbuild/test.cpp.1.o', '-DHAVE_BOOST_UNITS']
err: ../test.cpp:1:10: fatal error: 'net/netmap_user.h' file not found
#include <net/netmap_user.h>
         ^~~~~~~~~~~~~~~~~~~
1 error generated.

from /Users/yeli/Downloads/ns-3.33-fec/src/fd-net-device: Test does not build: Traceback (most recent call last):
  File "/Users/yeli/Downloads/ns-3.33-fec/.waf3-2.0.21-c6c9a875365426e5928462b9b74d40b5/waflib/Configure.py", line 335, in run_build
    bld.compile()
  File "/Users/yeli/Downloads/ns-3.33-fec/.waf3-2.0.21-c6c9a875365426e5928462b9b74d40b5/waflib/Build.py", line 176, in compile
    raise Errors.BuildError(self.producer.error)
waflib.Errors.BuildError: Build failed
 -> task in 'testprog' failed with exit status 1 (run with -v to display more information)

not found
from /Users/yeli/Downloads/ns-3.33-fec/src/fd-net-device: The configuration failed
------------------------------------------------
Checking for NSC location
not found
------------------------------------------------
Checking for 'sqlite3'
['/usr/local/bin/pkg-config', '--cflags', '--libs', 'sqlite3']
out: -lsqlite3

yes
------------------------------------------------
Checking for header semaphore.h
==>
#include <semaphore.h>

int main(int argc, char **argv) {
	(void)argc; (void)argv;
	return 0;
}

<==
[1/2] Compiling [32mbuild/.conf_check_c37efbb515ef25356eb075829fe2daf9/test.cpp[0m

['/usr/bin/clang++', '-O0', '-ggdb', '-g3', '-Wall', '-Wno-unused-parameter', '-Wno-unused-local-typedefs', '-Wno-potentially-evaluated-expression', '-std=c++11', '-DNS3_BUILD_PROFILE_DEBUG', '-DNS3_ASSERT_ENABLE', '-DNS3_LOG_ENABLE', '-DHAVE_SYS_IOCTL_H=1', '-DHAVE_IF_NETS_H=1', '-DHAVE_NET_ETHERNET_H=1', '-DHAVE_SQLITE3=1', '../test.cpp', '-c', '-o/Users/yeli/Downloads/ns-3.33-fec/build/.conf_check_c37efbb515ef25356eb075829fe2daf9/testbuild/test.cpp.1.o', '-DHAVE_BOOST_UNITS']
[2/2] Linking [33mbuild/.conf_check_c37efbb515ef25356eb075829fe2daf9/testbuild/testprog[0m

['/usr/bin/clang++', 'test.cpp.1.o', '-o/Users/yeli/Downloads/ns-3.33-fec/build/.conf_check_c37efbb515ef25356eb075829fe2daf9/testbuild/testprog']
yes
------------------------------------------------
Checking for header linux/if_tun.h
==>
#include <linux/if_tun.h>

int main(int argc, char **argv) {
	(void)argc; (void)argv;
	return 0;
}

<==
[1/2] Compiling [32mbuild/.conf_check_84bde5bf7ffe777dad5df813b93837c2/test.cpp[0m

['/usr/bin/clang++', '-O0', '-ggdb', '-g3', '-Wall', '-Wno-unused-parameter', '-Wno-unused-local-typedefs', '-Wno-potentially-evaluated-expression', '-std=c++11', '-DNS3_BUILD_PROFILE_DEBUG', '-DNS3_ASSERT_ENABLE', '-DNS3_LOG_ENABLE', '-DHAVE_SYS_IOCTL_H=1', '-DHAVE_IF_NETS_H=1', '-DHAVE_NET_ETHERNET_H=1', '-DHAVE_SQLITE3=1', '-DHAVE_SEMAPHORE_H=1', '../test.cpp', '-c', '-o/Users/yeli/Downloads/ns-3.33-fec/build/.conf_check_84bde5bf7ffe777dad5df813b93837c2/testbuild/test.cpp.1.o', '-DHAVE_BOOST_UNITS']
err: ../test.cpp:1:10: fatal error: 'linux/if_tun.h' file not found
#include <linux/if_tun.h>
         ^~~~~~~~~~~~~~~~
1 error generated.

from /Users/yeli/Downloads/ns-3.33-fec/src/tap-bridge: Test does not build: Traceback (most recent call last):
  File "/Users/yeli/Downloads/ns-3.33-fec/.waf3-2.0.21-c6c9a875365426e5928462b9b74d40b5/waflib/Configure.py", line 335, in run_build
    bld.compile()
  File "/Users/yeli/Downloads/ns-3.33-fec/.waf3-2.0.21-c6c9a875365426e5928462b9b74d40b5/waflib/Build.py", line 176, in compile
    raise Errors.BuildError(self.producer.error)
waflib.Errors.BuildError: Build failed
 -> task in 'testprog' failed with exit status 1 (run with -v to display more information)

not found
from /Users/yeli/Downloads/ns-3.33-fec/src/tap-bridge: The configuration failed
------------------------------------------------
Checking for program 'sudo'
/usr/bin/sudo
find program=['sudo'] paths=['/opt/anaconda3/condabin', '/usr/local/bin', '/usr/bin', '/bin', '/usr/sbin', '/sbin', '/Library/TeX/texbin', '/usr/local/go/bin', '/opt/X11/bin', '/Library/Apple/usr/bin'] var='SUDO' -> ['/usr/bin/sudo']
------------------------------------------------
Checking for program 'valgrind'
not found
find program=['valgrind'] paths=['/opt/anaconda3/condabin', '/usr/local/bin', '/usr/bin', '/bin', '/usr/sbin', '/sbin', '/Library/TeX/texbin', '/usr/local/go/bin', '/opt/X11/bin', '/Library/Apple/usr/bin'] var='VALGRIND' -> None
from /Users/yeli/Downloads/ns-3.33-fec: Could not find the program ['valgrind']
------------------------------------------------
Checking for 'gsl'
['/usr/local/bin/pkg-config', '--cflags', '--libs', 'gsl']
out: -I/usr/local/Cellar/gsl/2.7.1/include -L/usr/local/Cellar/gsl/2.7.1/lib -lgsl -lgslcblas -lm

yes
------------------------------------------------
libgcrypt-config
not found
find program=['libgcrypt-config'] paths=['/opt/anaconda3/condabin', '/usr/local/bin', '/usr/bin', '/bin', '/usr/sbin', '/sbin', '/Library/TeX/texbin', '/usr/local/go/bin', '/opt/X11/bin', '/Library/Apple/usr/bin'] var='LIBGCRYPT_CONFIG' -> None
from /Users/yeli/Downloads/ns-3.33-fec: Could not find the program ['libgcrypt-config']
------------------------------------------------
Checking for program 'doxygen'
not found
find program=['doxygen'] paths=['/opt/anaconda3/condabin', '/usr/local/bin', '/usr/bin', '/bin', '/usr/sbin', '/sbin', '/Library/TeX/texbin', '/usr/local/go/bin', '/opt/X11/bin', '/Library/Apple/usr/bin'] var='DOXYGEN' -> None
from /Users/yeli/Downloads/ns-3.33-fec: Could not find the program ['doxygen']
